3029118499
5120392920
5648995496
-19074534729
-18139290867
67569217702
-29089249317
79910019822
-28384318703
-5237974480
65486320330
51540416184
8803626545
21931600795
3017916311
-49088962965
15424384061
22687709258
-26796773671
12722288018
-38892196
-1832168603
36343413604
15197867360
-11989545826
-23475243133
28186753527
-15170277694
6092770599
5865139340
68762914678
33234106964
60154359859
-6959495571
33765363012
-53322288561
32287415269
-16808385697
-30714436471
41892721943
33747298741
15487759588
123136244558
-10379276352
59176716361
21328332085
-10820726625
99843729885
32542794588
20669007598
22285125979
-3195386195
-24831560782
-30517732845
2408238836
8176000583
9278129126
20914036118
29347932198
-13811735346
13271535877
43970347940
66186492063
18815628163
23780382328
-1533988888
-12190094792
29145722400
30550889054
106722431866
-20416505040
68345605601
-22938584603
62941614413
4458979240
-15364166836
38249753346
-10396654837
20074546345
22894239003
-8477090837
23689714383
39042403988
-36210736857
14776589371
60752902011
14236242840
25185826265
-12456542058
-22325174304
7032881452
17708974187
-12626410601
154952656491
-59799357680
-29226871003
121987151543
9441760015
-433056635
44805837211
18463492200
17840514250
17860369860
45004432844
58878580269
-9910210109
53624611534
-7167582871
6315390330
-43543704246
76062369429
67571454571
79516945712
18126440027
-15438794106
49016133945
24882251950
-77451765362
-26986668128
-18466129001
40908901460
-56627626517
