20802725436
-10644723949
-8609272126
-336113885
53817012227
-17987724712
-3003029914
20100699939
49755621134
14812587266
-15186231244
8550066249
-10249757173
34227203981
-18530412916
-11588393932
37772167522
-41361026202
35666996362
49126366882
41038049862
28407002766
7876295786
4215964115
25181857091
59648609015
50574836036
10237339456
-12288743025
8350321018
24297654524
107399888804
-624710058
9871666865
-15727311127
-20135256698
36809593820
60923370985
12681331514
98618683780
67262637815
-44390515426
32235191249
18697929500
-4773697714
11626839729
-11767391551
25734154813
-15203942794
-1197262564
68908101608
-20485450132
-47577566472
66690252933
-16749242816
-23629779365
55035767585
15871112996
64299732552
755209938
2670632099
44661542446
-13285543140
58147367186
26660141072
24477965444
5447876493
6146563250
-76235386928
8000371758
13429974426
33408289341
20270617767
17089613122
-7149948074
48447224994
-357413371
-1961775845
-2398193815
17462245174
8921214096
4511942468
-25331269370
14358824031
85016208144
-18679530491
6499744893
22200190857
17354524952
-23873930928
50438600693
43980730795
74246283765
46251588830
-1021644450
78700740466
25668038775
-4885686958
16234810312
8552678335
-1830908200
-45812763257
18412574799
8661483210
10057953999
23816424217
-8920714150
-11552721743
43573864165
5865734191
6445005352
12494268999
7574548931
-32396944971
-3575369157
27224337673
14061982862
3704814624
684846961
-11579603043
46593954279
443932802
38310961984
6191982754
66496936826
-3243096118
-19533399003
15089705152
79341931735
324934429
-12513030324
11531789698
28022071767
6152375546
1715388221
24961943791
4200729110
-2299286697
6073312947
5168713633
-38054392374
3521196909
10373093294
-5306487513
23382704245
-29262214521
-5781851508
23900780016
7552619503
53277142565
16641530115
10128839865
-6927573660
-6453307366
70232192091
-15493999561
41381795853
19096118251
16845601206
331577432
69411597737
-1351606966
45060403504
22583640599
10899509302
-15766773646
56543363146
-4282333409
-142128127
10495010633
-835565488
-4054922296
-18683480389
54932577734
2165560034
-10995524755
55365120934
92644291923
30331739497
7648455239
-13418265877
-25462545098
14650494605
-4158060874
45440688669
8678505792
23570546509
1949007168
178756375
5148461022
-3866735991
-10046578340
2329683246
-29381762281
4626877025
54809422895
20520128530
25125508866
-271478369
22021963458
14517018835
17573140857
-24098374135
22623781285
33926632598
4078350761
-10370695955
-2402940914
-2212742876
4429943345
29561934123
-38046808810
-24241734287
50149758304
20235324399
-9752969085
62037579608
-22483644007
6675436077
-12943741674
-4747802790
58036086752
-21021062089
68298897550
38062442992
-44783210372
92660732204
-6212217327
65201818235
40840442369
-15799950881
-1387416427
-20172298496
940441503
3412610081
62070300352
-12905750615
-1090741607
-20809355412
260161020
5873099166
51093553437
-14833910134
-29157255243
3479247731
-10564527763
-2615840431
8912101119
-470587721
-4410092534
35065678807
90421237056
5417051101
66331140448
-57898854814
9736244735
-21083252998
372745572
17050183034
59109343613
-4700653362
7739811154
432890413
-41713367161
18706748667
705508124
24091386253
96917856841
967996780
10159572916
9180392637
13369381298
-4496032046
-17682902824
37911357091
-37341174262
32656747716
568208355
720429533
-22914368456
10735348329
42783120883
-36468865920
-6975892048
16565367388
-12935244893
-11581739490
261152088
13752308937
8034508259
1374737930
7566828426
-11597812732
45713488506
9916034036
15015674489
-13861339600
-3024894384
-901370877
30797232268
7036184292
15375463359
-2887574742
1898211561
-12212230213
6214743343
5586929766
-55951475156
8820341065
-2568499694
-9886780403
-14534752624
-18565979653
-9786752967
-18988413032
-8581123871
-13275165108
13851837109
12581030116
-38462161327
-23423126264
267456481
-13704254238
-1606372894
2003409703
49082512825
5944802562
-1954057240
50695732030
59403720492
-40569301790
-6157167259
24072382847
42478927010
17162892006
-7180695649
2143756764
-1398148232
-9576804722
-13342044697
-18375873910
-4369517950
-301501501
8386201312
22764419817
-28599568591
-3861929228
-45167026900
76758436860
-3514463671
-3025908093
53035505987
-12957079808
11636533454
-342051903
-10825439414
-16452581760
38257198685
5230825563
20107993161
6202493464
-18473609567
749725229
-750240337
17510486858
21367430117
-26461179409
3511894037
50529572025
33033724697
-1160698836
3611532466
-5315780187
-2097247315
54068281110
6779665435
-16741492911
38981200597
53146019044
-130674352
57683489138
14156005876
-2312223561
-12271833033
1228432177
3947776750
854586633
-34140714040
-10009246248
13898316745
2217520762
8945096859
55417879562
10500699919
1329374435
-17625684772
4073727316
15721712806
10555845238
16716597031
1209577523
10474530940
17623215108
10508249920
9141493774
27124496395
79981160419
-5237015469
66295403679
-9511337879
32191920573
58628559157
5785869689
6820335690
-5652635191
52894964778
59267841630
54946822853
986926320
-35479384597
3562665892
-7131339586
13719213592
3767269997
1838743019
18335790614
-4978411590
-19050608081
1546452260
