-8978037561
12139143147
1594999652
7987015664
-27245477276
8427902480
-12272199484
-4918031353
19956382674
3717335060
-37464886540
3465227219
-6900147424
-1257914111
-53457404358
-18532600354
2730982341
5667101524
4392081997
9850491118
-2635523612
-7830755313
-6969480769
6519438449
8622807145
-20457753253
-13547140121
-7859723369
-36100167616
-35207368399
-14811599586
-7650423394
-24086160482
-32488487627
14615784661
7728452609
1983615356
3370909694
31000532857
-5380698118
25771876267
-11567811992
-32408775368
-53134439108
13306972459
-5032550104
-7585602107
-2323734191
-3596252107
13338066041
-13064368013
-8257095718
-1762016218
39191265452
-1649816567
-65562139859
13284729377
2463845107
-28708955492
26490948936
-9989946718
21430627494
10032976269
9832160462
-920028139
-4235179974
-15446649406
-28611104497
17611684866
-23328134892
10114825371
-1979000519
-6175714595
-2908396105
-19750977077
