-11068718684
477066746
-40144000570
-4782312847
-236139919
-1086426447
-13402495403
2401224765
-41099695121
-8639033312
-3367264181
-7939214835
-8689825632
-1163382328
3607475050
-32034976544
7688392273
1864061540
-6708454153
-3517393678
-17815341979
-12835200065
17779803291
-2035182326
-45600216443
-13760747881
-17461390983
-16468528354
313518799
-48636847367
-12097699607
6497997267
-21174094228
-6237639221
-2847830229
-14204680252
-711470376
-22104366816
-3769879263
-38446554641
1715787710
-43217914865
-7320262978
-15067652600
-304154579
-19657323754
-6738748734
-76033078047
-5451338893
-11722488449
-18893740493
-16608813579
-103567079565
-14038378696
-11167559657
1994447282
-44861838302
-80047597336
-84114236108
-184101855
-11252700100
-29958897183
18676580891
-64927025608
-55652900791
-35118678602
-3793869711
-25187783382
-17604464004
-3505180393
-45102466242
-8454723483
-34831818782
-46919643972
-6076001221
-3440843075
-36285074380
-5467187
-50462385647
-59968360249
-6719449582
-742806799
-34299881650
-42085804940
-10345878900
-44909478776
-72371269706
-11185609904
-78041802107
1676891548
-37811054779
5620853752
-21829610084
3056214669
6726036709
-12818907563
-11926709840
-26363863782
-14281427
-19244029303
-30633971402
-28859662848
-4806000558
68766403
-14248247877
-4083472911
-76174994475
-23878168574
-27028625392
-74301919758
-68221102017
2882695884
-26211921581
-25857170289
-25435845481
-5374823127
154812266
-49482079723
-53462585059
-15457390797
-22279729817
-27688134552
-57376217470
-8584966176
-13605369155
-30341734701
-1224539340
-113004297034
-11745473714
-8446154543
16104735836
-7915697314
-12370724535
-1658948898
2594609183
-4624212331
-42267005522
-21365361418
-39889962114
-32957303250
-25477493522
3494497055
-16684994328
1770868182
-70523356891
-25769719202
-15467666893
-1291917347
-25017360326
255015549
-17639310578
5723524181
-117838275593
13772807387
-29840348577
4505520019
3165471645
-5039767712
-37362361021
-20221379227
-74553597596
20014432677
-90268574
-18509450792
13158485315
-5376154154
-605327774
-33650776966
-21630902140
-24507990009
-33838249169
-12086803189
-17851551925
-6397770349
-21878871251
-38490844692
-5719718909
-49698958221
-44386433628
2121469744
-2881283560
2753984213
-17403004792
-37775531687
-93455048509
8104849252
-11007333874
-3957199534
-8401455453
232137636
-35298148339
-5644261643
-55715115368
11074653
-30246219053
-45334916346
-886470225
-9361654710
-37789585185
-20553590053
-2526204446
-27731452504
-60015435792
-14144252980
-30194590889
-6895425213
-14317197282
-114134030428
-25482923353
-2086658043
-873314915
-31524716874
-34453682109
-17739761020
-4465514953
-13429925553
-20983606559
-45571350087
-2595473333
-51675851621
-3379040969
-79125390089
-30213805088
-70467361127
-19599582943
-9063813639
-8104986864
-12488491000
3270787777
-11817197777
5463233122
2110431000
-15543674524
14576910958
-2956444833
-3070151150
1038675027
-79124144640
-35768594587
-534043722
-4703779651
-48291522
-6010821803
-22482591470
-16206605178
-66730538798
-14697531782
-71287568477
-35940793236
-78612923445
-610324009
-8758649479
4005207716
-81134578936
-32594501321
-10124747028
6902448246
-3049722307
-6593641198
-57325042953
-72254113694
-3945547694
-31246578983
215635900
4543889152
-21689254014
-39228943717
-22161268441
-14142777430
-6391821577
-39353192878
7212919655
-7025262039
-2491950430
-44458954879
-26483098560
-36264697652
10930634519
-25573720240
-13362588418
-19035431322
-1042688991
-55509173007
-23400685208
-35954670509
3952404083
-7415187181
-2998095908
-41779856442
-94478478993
-4350815000
4686164612
4434951074
1388201935
-6754229652
-25661201254
-47410176491
-2602929568
7065369317
-4913434524
-31336804897
-1098975867
-1318634396
2650945353
-13702793458
-53618259409
4621780822
-19117976716
-44499309217
-3543359203
-6074545378
-16533749565
7002217020
7828725325
-30460271471
-26026120139
-17056862622
-65141968551
-924116156
-35749192335
-37414119766
-109928955432
-4964365607
-13423692616
-18739990152
-3892422595
-40887108943
-9490798198
-1400627185
-7891840556
-3638937640
-16516056640
-23739084394
-20662259999
-2074704877
-41421346122
-19464467691
17739679749
2045137260
-27410898554
-34779854285
-20304671909
1445985940
10414066590
-22747085937
-44611692799
2621390471
11983913885
6594046172
-33042314112
-178131129
-25807011590
-53346616747
-50581619640
3273391727
15356688311
-17252059740
-20444385112
-44265315817
-5343365876
-1181029651
-36098712825
-6260563164
9351685708
-2687538122
-91992464876
-41055696627
-9472898300
-15143814519
-11315337415
12802023190
14045896451
-81005350666
-70688550136
2301604780
-38245206878
-85088559805
-119954226398
2137050769
-19245161145
-49749620124
-21619550887
-29630798594
-4196945943
-393852144
-33006378766
-24301690221
-4237677110
-11252059795
3359872087
-11144963000
3769962279
-5647156334
-53825119863
389954383
-21753186332
5160768416
-129741323171
-39157969101
-64984035894
-41194490469
-14183043030
-2782373026
-35168173713
-43224404017
-45790217538
-47958959421
-9145761738
-30533958286
-14229098411
-64326414123
-18679559807
-53723695991
6987298776
-3846058504
-14917432402
-15624437112
917729130
-73042687516
-9812579721
-66838616980
-31126542635
-2615890358
-11177819381
-18032697434
-17308693471
-69587261931
5629363023
-76514804217
-13257281722
-26514625873
-716835375
-14099761221
-14276962351
-8492709870
-8637285386
-58338226203
-50794349728
-49986959643
-80516005265
-12177265859
-103712735839
-58802132483
-60050824646
-444271531
-6836189624
-12440668882
-27173067091
-9410463836
-49804584844
1155339905
-39790661236
-37244497677
-14932618172
-10850746922
-19751216480
-20892097450
-1288367369
161227470
-2764623045
-25443655042
-18757445480
-16725674373
-16141093858
-86254020233
-67478386
-576389884
-4307807083
-13302118192
-46362086013
1425199863
32650219
17637180395
-18288137572
-15451288684
-3923130582
1752798603
8157871688
-539806263
-6813762510
2411510295
-1708817914
-6213309613
-17708009155
-28102252514
-8819296208
-36656530363
3562284347
-9480523880
3924156659
-22417292407
-46835703669
-48494973742
-37202562701
-33830601658
-5507655113
-11777200030
-51062864179
-25464405315
-5247269776
-34312115554
-23425708955
-20765672898
785721116
-5017759618
-7430715370
-40112167651
-6258785404
4071938949
13428032552
1798893158
-19131404384
9325061157
-16526867416
4081282101
-5859096618
-78667420402
4381792727
4995723906
-30223517054
-43102943690
-14525577423
-1386164401
-54498786815
-1945203830
-27404218111
-19402949989
-15802733929
-13334675981
-14032411975
-1760234150
-70793425294
-82170519031
-14993408416
-87402048779
-11093010670
-73032587724
-10380538472
-4462881761
-1292268061
1635559580
2404548624
-2787540991
-50451209388
-44084055633
-9891187770
-3905192236
-44273778038
-655193863
2234317461
-38169026265
-60907194425
-9995739731
-10127988471
-54217325531
2746489434
-49803147088
-40276432916
-2132512002
-43007922501
-29458350928
-3421566900
20583296679
-23368652404
-58322593435
-88474366276
-17309424201
-121832121168
-241716427
-10098140250
-29173099495
-22869874724
-5260512363
-22300899537
-52629847852
7009430254
-3560619568
-70657194659
-3292384669
-2611928373
-14052309374
-6300346694
-23689392059
-31493320573
-2079726348
-768468650
-1277047792
-10517693222
-16637230259
-10399836366
-27989752441
-4235293104
15530562002
-22541034763
-2744705006
-1982656531
-38374404545
-29046935044
-17914188658
-15010926679
-26297584340
-6482297868
4637109022
-51386097476
-60965212447
-21881848628
-69372550596
-180762831
-69358040071
-31418914203
8470271235
5886803337
-29796634113
893100263
-9001876764
-64895663730
-211383360
-3790089667
6744999492
-16295582949
-73565087972
-50320044302
-4811718940
-98144786048
-53857883669
5321843533
3212094382
1148816831
4919426566
-6181688066
-19685543921
-19009396276
-13445554428
-13785253715
-32403458316
-4488038161
-1500718990
-74303190097
15030609143
-67351433475
936714227
-14926720173
-19002763763
-8444868311
-94585125383
-17063069039
2977226021
-37506801051
-10115427692
-44925545596
8802340421
-13263703285
18580811340
-36833403697
-27925621065
-17537341255
-7136279401
8568530503
-44075119914
-8082666523
-6475572205
-9973184196
-76504917059
-29235289301
3339134034
-76832248290
-62107018087
-4584196479
19610999795
-4055827873
-5670838071
-398768709
-26497928109
-22787644337
-8826848580
-13815236769
-52990169701
-45595487798
4299302064
-7268351180
-16678524894
-83412919162
-78811814005
-34985584188
1549313950
-20539031115
-10748795521
8682974705
-1442098924
-3550352298
-40168134371
-20821111802
-49841795589
-19991604331
-73004756985
-25882971988
-12706545439
-479241364
-6615382013
-38041754493
-43623655518
-91216064556
-49218962462
-18512675304
-1867938509
-5045182095
-27428370149
-8858137503
-18295173611
-12462910835
2862332455
-1524278683
-52851429374
-13087559753
-73171899700
1904967297
-25983386914
-47559739933
-4649161529
-13601732674
-8577353006
-15123812078
-62121130425
-6177677859
134833795
-31759446210
-56912782087
-5108896917
-19834447345
-4248594271
-48464070472
-1692447585
-32827327513
-5049801107
-63785961491
-54717770664
-6580528488
-402356253
-191759196
-17139623701
-15154853477
-3002654571
-10437436294
-17645205194
-41820390550
-15466608237
-4174804524
-18385870047
-59209943122
-38300818608
-18577150827
-26009440892
1850300040
1803175216
4858332698
-12733740794
5461261058
-58740185244
-53356556970
-72752134352
-714047080
-20698956469
-37628255164
-94978333750
-26046135801
2055615877
2572972410
-93685195307
-2106902668
-443492406
-56073272193
-2472429343
20835634850
-33412361883
-60012392142
-17553851088
-23970947980
2581852722
-21640661005
1269786311
-43552164739
-111571025074
-8656726519
-16429358449
-19498284727
-5531697622
4366771186
-16192731210
-13991887140
1009493781
-36695353439
-7100521926
-8342725894
-13135951464
-65880766789
-323557243
-463212934
-3527219625
-10166573557
-17661644984
-252876838
-21460927052
2458363050
701296140
-18240533814
-741225599
-22578955368
-14860549034
-544189540
-12057595714
-10947881166
-8062796798
-22721725084
4875068078
-14414720318
-7723309422
1413954351
-1875139132
5816155282
-38079173873
-55300963207
-127564960925
-14535423640
-3397428484
-47137350059
-32041029389
2468727346
-73474850028
-28165665377
-28249156530
-3373061461
8369743461
-20726553085
-23034663824
-769296175
-25436388516
2207846213
-3721583002
-16194941843
-22780035047
-64982877113
-20010504753
-48238472982
-58090260040
-10195743086
-35309218693
-8487773100
-5685611016
-2870541059
-27095547121
2592128939
-18282110300
-1981654850
-12184406240
281214825
-82064353558
-35040194133
-3108892270
-29390564626
-38956069727
4369666269
-14999294562
4584609865
-24399809945
-12705914207
-3729020744
-5251376977
-63284914067
-79286786921
-7138239409
-3087501780
-52600848933
-342976623
-27852337601
-42749539079
958889790
-57929782985
-52047784989
-5356409141
-41714363030
2654122949
-50636119089
-44207817198
-14719982779
-21691761275
-17124733830
-12294694493
-2545601739
-8026408832
-22974218405
-5184620582
-5127181745
-7749334109
-12828676329
-10810715814
-37238906671
-80738560168
-29156615766
-61816427840
-1815775474
-5945017551
-7015981471
