-6976666912
-9096194628
-10071232665
-6085114580
-5547534264
-4472106508
1497449694
-9718744132
-3216822146
-13090177599
9684988690
2740401669
-14595167278
-6070384599
3426493748
-10713677337
-2442494482
-3426034374
13678815828
-27234026051
-22726505727
-2045895958
-8726179928
-7351466073
5695040653
4415609750
-933052340
-21231030414
-4024280850
-12536753092
-8318717988
-4127624428
-1113935154
-20951823807
-898868590
-16535967576
-21352742478
-3971913331
-5224375758
23218210131
194854347
-13354487289
6397517746
-11266063163
-4444223159
66095363
7217269924
-7246222061
-9491946743
3244759839
-12310823171
-8450603259
-308416809
20003689252
2398664328
-10952015880
6303883288
-13060093340
-8681038024
-4287159182
-8962192976
-5860167158
-1019370713
-4550608035
-22215048714
-6562427071
-3881800535
-2930509216
1025028524
-19810089810
-551345931
-1014369266
-2894136108
-7430543479
192715328
-1735836730
7085433492
7932708150
-7991107362
-4241229933
-539203816
-10953198011
-7412152404
7007398138
187248515
