27119223874
-22217382642
-12346434272
85128216103
129564843326
-93285541
18688250666
178183866499
23307114243
-6906381496
3824474215
12565001406
21337835467
53348418141
113720409676
-12142708986
-11280597868
115510701000
55379329414
101698737359
-4149066413
200727773157
23038028504
50429509832
68750904782
-48458731329
68408040312
150931225393
-136539386041
88562261112
-12619893065
101362561665
-1957513287
181524443009
205952333052
-58147016421
16613027452
29883815191
174505831306
6649166058
23599068050
77337054982
55242571268
119550603604
27651580179
-34839899791
-75824645794
71799707276
104383573399
19691513489
6696086995
114690949114
123623292961
71603615970
-14444687439
-110083265676
-21771076131
-3203832048
8787794962
4391064788
13465933937
-15691712378
-27797576618
60480363070
90584375793
1866113450
32548748792
150613057396
74962289494
56271100993
-59640102645
-77069642617
-1300469008
9395807711
-1330297700
156498640900
1806099065
69226935500
68110130102
22323366841
-31148100204
165069387739
26675664583
157349599408
-48450859151
11317678647
17317056537
-6066190427
115662514123
38178112214
-88165378217
24956370142
-73436004791
-15470670437
-93912909869
-75097632886
-42242396577
6594055474
110440871239
72829211787
99525694842
-130036153558
-42458992053
142539337088
-24133718059
3652062842
93388724972
-139736544722
-54673355638
-41999669009
99238698911
14736410344
-68313911899
136479332525
161184066842
17528902520
6745486563
51756408868
13355709018
-5959222612
-7152818450
53854950589
30713370
20168923989
33375637122
59998679240
2347844573
-3361428750
-42307256631
212049603144
-515980616
-62431610085
-35174097334
22361427336
1735727415
-9134492315
-6331680842
53960672322
2165812175
-71629425471
-2943189490
-931495503
-4111764915
11627107028
73730432540
-22734104951
40155437908
146613373177
-12070135744
60534365649
665203008
75189931475
48834139667
-26290506009
73405056301
-1705164026
73077647443
89272378762
-27108611035
5463846677
9860513201
4022426730
154830203964
-12793322018
30437894508
-112058169927
-55002489390
-13376227915
104283371522
-170758494939
-28477825520
23894244536
158482655689
1819754185
6244576952
70070208067
-40776554399
2005524606
14077488642
31362070007
-3764866075
15566005058
11993201201
-11732174255
15067830671
-5839993881
71659224657
12998018808
77786592501
-47201909224
30085293929
117120179003
70109975132
-26078006307
27953126589
-13103351350
60178068166
74482253923
-14778283006
187430605268
-47223842701
-140712747382
22154282323
48471134644
28605689985
16574830937
84147892087
59330845335
27279377940
94866083834
4592587031
-10303097460
17213022643
72599242547
7306271019
-9305414897
44950459272
77489459454
3626388371
13705734558
8060184582
-17266885797
-18803751158
189750629951
-1975565959
10385681688
1525796465
-1300092567
-15749507133
58861619434
-17311471556
81036937736
-45153073876
-20038967410
32488875873
31304189780
92888941027
6104078666
33205357183
13246384529
121111479881
25267903014
304496681
60038222018
-22161059431
29206690753
46846008733
131727712036
-31431676703
24396908600
-16219063700
84691959062
80363506374
23572046159
11555493928
-39445946141
156902249297
-44770995022
24088054843
113872298583
1759379576
-63692094186
-64764849354
133954219545
153637071618
-36472944516
-8024720314
-31576027119
-8667639096
-67828340285
17180522498
-142301331790
154179259642
54263710346
-11254073249
7181924475
-13798178733
58906327560
125630394383
-74974085946
28318786945
22330065468
-6225066948
42362225961
-45290590004
73687286764
-18690425842
-75435445893
20596058471
-8911854566
117678881205
-17241485348
124261030503
-3413325968
-16897931226
8721497602
-82909213452
1433689577
-38459723248
-13118668158
-10436158389
-185500405989
27061154771
54826157465
17355547034
57658606108
128863773499
92381600790
13559536753
-173960331591
3675122205
43353201456
-54570198010
19142076473
178453603786
18121670041
477859423
27469009713
66236283467
43062791374
16948883170
124014541703
50222051456
2031942929
-77276401534
-60105967240
-20129911592
-51800047441
29387469404
-54660581342
-76811901997
155210342593
29286257503
13892373245
-4675418248
47207971519
34119034854
-2092740926
141338798620
-31641962726
70374394977
69574853576
-5968554350
-22375567202
28425341314
13044782254
15540059768
33799260645
75737595816
1797866119
3227290045
97055752707
-29938896708
-34380259500
-3219454146
104673289514
-41276717859
-52025671910
-1553076570
54893092589
33254967711
95609839165
22538444669
3543302300
16174949721
-3144971901
-32478926296
86977364786
-25692402821
-34684325510
114911647227
16977924143
41850267193
-53808132981
85006139003
37924542733
-1588394123
-131948931090
-2089320537
139824409315
262479145436
150075565498
-34871257830
-15748706656
116519910875
6954256443
-35529571001
-14129498567
54557282795
-2819724878
-21877077976
45835557970
1209032089
55771722549
43343666847
-4911171251
-171806148169
-185249373613
2758549595
-23528654771
789412885
-9663329300
79446133016
-25056196158
-40029020326
24407225837
-67719828674
23177391556
8431043763
101436597970
-84121854509
-27886270985
59337190842
125654320508
-169647643267
5255362786
19947809834
133372275057
12181537141
46860507479
45105714995
20054321513
126667052703
97052827452
16957535204
51180925317
10277457939
49563736806
-28457422548
-12159970804
103070951650
-186609414310
3460615618
8417866261
-6545863654
98437791884
93715551636
-7499977965
223717786843
-54138165472
60860602533
75699194895
-11043569525
2458801216
12074647146
51886569006
6406717699
165640277305
139631475220
-30493546887
56350828239
68839052677
-9588508851
8274060124
-4617272629
13790676388
12896672369
-1760567745
-9114079448
5178998292
-2165787525
9882438690
39603099689
-25691158388
32125766915
2910770813
109666090001
19716111539
8399284099
-307635304
73511842483
-49460479594
-78516462786
-25181043734
-14063566849
-91038568911
-32712256890
117683620445
-1833395849
-17749559876
-22033043236
1049653070
122163778098
55239120015
63032039917
-91915038980
25705463911
33557592841
48920587928
-23778833704
-30020317154
-5456088555
-49696467516
2070569187
-78802327816
87182498104
27852791709
64544774894
53366058251
108443417776
3187450061
21614552543
-54467016607
-11105586855
30767426994
47461454750
-92621718578
-58406219129
10440113827
-30792368062
-34169804361
-37793183817
-39042660863
-86284181519
-10192937534
149024781425
-57894118725
-27386942847
-34457973727
89342770856
21968649506
82026647395
117120053112
39036680592
7376479147
17727389140
-3736779210
71632826456
39469864490
177748325427
132190524180
66865558784
59634074799
-50805213124
74133096961
-26790532307
-120699776767
82932203253
38465063413
-78258431180
130011179739
-21632124545
-13214240769
16225476736
-68813020537
-8114179663
3805231362
-46376008497
-16761047445
9224984676
-33271202841
-110438332190
48894662760
142248914682
-7946123817
87848370842
-4490790554
380276995
-46741318803
-20838935992
-33002616046
101711109054
64402687834
17462162838
73057862541
-108122423984
1636543113
-11689531361
60784748014
-44855171753
93897987710
29133329501
236628681879
-111215091520
-12019241034
179331648261
-32416086099
-106637057611
-32619773440
82016466892
-14576025173
-21044690102
92315819950
3285868201
-42285094019
-12683058238
-5213024970
-32853785950
158249417761
5611883735
167856303099
-16685837222
231704061579
94750637304
154336474192
-90250231813
32775432697
12894136442
23891606541
214968568157
53983457343
-25537018588
12391637520
-5291854299
-23953282283
-15533327169
-21803157130
81853101369
39294466389
214427567312
-37427799599
244700393024
44100188187
39977267853
70423955483
7210743068
-17395994820
-34599640906
-14160077555
54846962104
21954897389
81405838388
-37650601229
108290479289
-80155748316
26937219129
464973150
73893686778
-8661565828
-19443671130
25151862571
-28409407430
-165474700514
-11564130346
-1470047017
-31251349395
128272073568
-1551447609
7942440511
-32106255475
88866491270
178602545910
-50812824484
75137634149
11424458749
-899116764
11985042130
-5585121485
31848539875
-69470809318
-2799014553
102698052217
20570409267
-15748923798
-19599826374
-27652263399
-693944641
-35483953638
-29663354980
96181061143
43659541608
32498488881
64603789193
-572073371
28940877887
69740341639
81802224236
20705441964
34696426856
12260959297
74437887765
-1799002895
132022765365
-72977638709
5020669682
-67744185372
-343176468
94216062858
23211158867
37903833533
53048560784
-42946901093
-5737699505
109279911368
39187549782
-41286260185
118554771136
-62001567634
-8786716750
-77009082877
44266553715
16807951272
209553224302
174445003009
99050958339
-30040851976
76372211940
-462886983
-40147986799
30146712138
8938193678
103087135136
68052979874
75817483196
-8726638544
20030981476
12951641535
-8968313387
-15189490898
161395525734
-58439861150
65764797272
-81679669480
4106804740
35180896983
6865747104
-85895905114
8203684106
-70321028225
126026648647
-11173967908
42798801111
1107601402
-29206898253
-39196699406
34050106047
21910954028
27572134497
21406767200
-64572512944
16537105163
122145333504
13603584093
-20350683080
-46267643560
128858486113
-19472197948
143731172391
-84438624674
12398708488
-100959158836
280491617869
59448201871
76466195365
12815746054
-49726854088
40096580628
-15620467542
38779013567
-16359832960
-32511652528
-6056988237
1939194879
87092132235
-54656330464
-257821969
5856955241
164704756790
-14848796327
148577781
21138729025
-52719542840
-2531820637
1495195123
202453082424
100801051879
30142805604
-77175408254
10891643165
-70211516667
82429439445
10240055743
-9431988729
41379698608
32058598156
-18465089337
-263873580
73752155150
133456883466
-18732477088
1579752584
50650427443
92515644745
-18239944526
-40728511876
-12907932158
-13183584680
-86370546975
-15522239093
-10283295286
76720512557
122364284285
-3971137874
-26810257754
-71224711519
166198432525
209710997765
51215581047
55885674651
17653821189
-78494698446
-4889370361
17053334055
63631493090
143214863017
-27644062721
-31787152238
108077118971
-156323416704
5913335060
131948130498
17360025744
16087408096
-3313146956
-10703046737
-44145328627
26773501544
3737699695
38184462303
30063417588
-44109802034
84059386017
95254661144
44214595806
2495293089
45405541890
-4110039179
2513544895
13135573828
-74595864122
11205830281
-11191879394
123073775855
-24768140920
-21600194827
-1104965128
-26940593800
77859611785
-62974444813
-16062039618
60348119220
63653576199
95043373056
-65646739605
-28855601942
-52773492231
-7055687041
-28689441325
-8003659534
71555526878
1869678324
2634520268
8692775234
-6887416849
96879711896
30282072328
36523913305
-14695453764
31227502059
