1790481496
3826013701
-1751967378
-3850903730
497260438
1857299527
-749423200
-757831521
-1892623499
-1720051600
1602976617
53687270
-869931124
-1016994579
1568881036
1577641217
1122541884
-3134652788
1081405658
1612732522
4145872726
-5845759990
1206195336
-607954824
505152452
1755030032
-3030317178
3312474619
5846574080
-4107906504
1873776581
-836285937
-9662501546
-4298674733
20518713
-1322066162
-3295513425
610689141
-1180028175
-1803993622
-8039485616
3060362221
-6904275279
270860536
1005628957
-3002602607
298081609
1793295950
