55328604849
-2933496368
38125677835
28162922582
-1151686932
6213198981
111753812084
-10236359215
-3044784275
20133655568
30516490879
23341240564
7863309654
62241205064
-32258655063
6541300624
43138783689
-16324688713
92983843230
21172397873
22904665326
4978922143
-2782264307
16923796792
18295779298
1796634504
-17789898158
22706624586
-5838569188
-66852926413
-6317561787
33278854038
-27224331033
-24023287342
2776565617
3780595246
53494033256
-43450281567
17570467335
-13088359599
-28998305277
49089347421
-2388941442
-53659729249
21874184582
-1237863074
35695035498
21647795164
57997668541
5877767769
31861663995
1435721390
-10146041629
6348781775
-32009119252
69336496050
11484540371
8004593301
20871569693
47216724983
-14801013753
-16536675323
7732605446
-26254837024
-34024004205
7808086812
-34210352098
6514292353
29397950330
-5488125932
91839336192
50624853964
-179618890
-2319551963
-7196833985
27875328195
16893479449
28183992137
23604069098
56064572694
-19465611759
2276047291
9864121457
16596402631
20250344439
11487640830
28949251534
-21192841184
89540886053
-22683481224
-47377068988
4737099479
6253913786
-150626450
-30166462643
-4811821308
52022560
4100735511
759454897
24859631664
-9788143869
-12771359013
13504413496
-4592075254
-30032809050
-23648427942
-55546888876
6874272108
-22598833781
-28473386136
102331589737
54739030769
42451130688
70243119288
54175733104
-2105091945
-6584350509
9045574984
12049255913
24673300715
19149465160
-35518221799
19477657260
-18676656605
-12363041612
56885124150
8344974309
41291222187
-9332823059
-6693183910
-25212709561
-17141757052
4434333628
60903300844
16074519260
-3037289261
-20496939828
10098414896
14676213105
2232567267
71063189683
36020504281
47482310967
-1922374240
-36537920327
3147322857
88540110375
15617574243
12714004417
24009944575
2311116958
-16337505787
-13162877749
-4997349365
-3384736082
36240797052
-835665849
54777447172
-2734472696
-1457630174
-9341931912
-39533128881
66727245520
-40316614577
-49192386999
3394272513
69634436717
-5672305937
-37016151555
36211179158
1690189118
32594659529
-16601658363
-17351690670
14140853940
-3918815678
-4876008217
25578358881
-4679900681
71660589549
-26050053695
41134979233
-14211023890
6481304205
63729949629
-25294006026
21493977594
107834591274
-3003892583
-37715399193
41939544288
-8602242400
-5080442632
-8041717933
-2954447188
-15993481183
23847225133
-17392885156
14391719155
39569865217
36664016624
25596636556
16379987347
22594112498
9256741899
46772185172
696415021
-1968739052
32625277490
-284719354
35331571099
1591939655
-28142241357
77572296017
825797629
15877712635
27729941299
-5371214837
4563467673
4157711224
10122019503
335913982
-31458700454
14714210335
-3462151348
73462195462
11690645635
33448920395
-5150732072
4317843982
-35029902127
3530058585
45149371443
26021989402
25771601619
10970691465
-36928564956
39063701246
-20162881551
8324173798
146898511098
-24334281016
54127661246
22945976374
-1113849505
53576429234
7698654214
-9135107314
-3418785395
88200498304
-60465382431
4052776745
57685305835
-36205221092
-19476811807
2907762979
3741991403
12456825702
12582817930
3120944692
-38078010611
-30384545457
41456936420
-37741471473
-30257465649
12043959704
29373576616
89697286367
15171556238
-2336045563
25526266673
-1743089871
-32775816396
-306163194
35893153323
-38553023500
-31835312050
17921447241
17842948245
28481478914
49426883481
17026092666
92362824880
-4345488267
10818807267
15157559641
-24523166076
126902824586
-30962125584
36261158981
39893166296
37088399134
18241146568
28901151042
4126460016
38213219896
12497584932
20218764456
-18819935694
16006316634
2826130674
16013835966
-46606198164
35382086624
-31812826915
40044546993
-3778397892
49251716726
29108889525
-29050850392
-48581610533
26262074987
-13379145963
21660702210
55653325772
1996881286
-21125174617
24516972807
-3779375485
38093021805
-1996232714
43176812287
-6551012717
-51675821946
29356112421
-7875017599
3662293577
-4377997043
24565591041
5693238673
-30982267976
55304978389
23056482558
547231709
13153214182
6001291726
27205491138
36984057853
27373752967
21235900311
127045798448
-29003528048
84998649961
4845733182
-6394612657
1012116398
-44013756326
37961363923
-28289443827
-1821354428
-34855893820
22819921405
24184778542
4897434188
-26851038226
13422944079
72878648673
66401147078
54306445525
-19713338728
31607372204
65748199809
-27588971506
-28962003584
40969975251
-27873787685
3856277394
43527127964
94507699341
-34336134703
-17019796906
-20563443382
-15468181707
-1725770049
267471248
27068189287
7122112996
13517389568
71269982669
56588442167
99392398263
53410656515
-1255798809
1759415369
8657252757
9630372795
4450482483
-46977779591
29290270637
27366764986
-27442462129
34106394870
-16515970369
-24490491390
-47706435190
12490658950
59870641741
-4997823554
-1221750021
-2890183692
-28797388479
-20137654771
70295792562
-1047441750
9121208880
64607947569
93576410349
-32803650630
-3411795007
27335988382
27341721719
-14506666008
83133226411
479016618
27342593937
61173789332
-12890028378
54456562586
-13530930463
38801767594
-6239831230
678424773
7185556885
3822314784
1702687231
38433375904
-4865641926
-43249650186
14378195686
18140090663
27614099813
-20323685564
17354131106
13512873576
-9856422239
20987773014
-40801461710
-6785215694
64554037092
-55869141692
15292667042
32926480512
53034866947
3382956240
27340303145
-43545453720
-41458639330
22867327553
57538663151
-24430656062
77942623089
42008977193
16500237416
-40283840672
45061988992
1883429382
-12866664357
13078016723
49464114509
3735043039
-54291142581
-54242413478
-17509960614
-29514985958
-41931429835
5282200249
4146843320
12871190515
101367157411
1802534312
17902326084
5844378558
-4983715552
3807618099
35007802380
-10067657587
62842347428
3263472045
1395841017
25159312996
111098265148
90255275060
678476734
-23324664825
20219728632
27281447086
21660733387
8953282593
6599548652
-30428273623
5330673978
-3288977468
18828331487
225302419
74627844470
8655129694
12155251130
-20970278617
65075298437
-3052864327
60015071828
8616274231
29262621463
-20647811607
-29517770570
-29666560277
-25431583281
-20115013677
60224903219
53849407961
-14522158175
8823576363
-15335603153
30089645847
-14955633940
100613800337
16725731555
42525107570
-10675025447
17220974212
10588705520
-21901366622
84901602198
56140428153
-64803293458
9901554288
-28577436628
-32487294451
2694075671
62020060345
-888352734
-3861780932
-29676266622
-16718866853
-14587959487
50321897144
50035403346
2053270629
12418063235
-2564666521
53358823492
74656583153
5820289996
36330354775
-28589269912
-51972441025
67069369494
-33864070797
-7370856743
-379753341
-19476428278
66999700933
6745563245
36300783841
99109161228
-12800255769
7999813503
400328142
4544003385
-39185435006
42580667082
-10435969918
-8377845737
27324671410
382838788
32991603808
1443818627
-6148008176
-4950034761
28748522110
-34609362327
7536775874
3894138480
44397019236
-1426999709
60436489113
-38887094907
-580627272
114381197457
-22142177241
51867963149
3096834896
-2276822977
1637089982
-1270996637
8018372992
4361255836
-81364039067
3332584393
561178198
-68180488435
17936688376
26993512363
-29164223178
5788456447
41404541610
23853734762
39976676720
21501400212
-2340124232
-4068982264
17347883301
-56238641368
14243009661
-17043008220
126130899054
-34295778922
-17441919433
-12078849659
-13055453521
107156463762
-2004218635
-1859732729
-17247977196
43259827825
15316664420
41461980255
-31972611176
98371471828
-37359871391
-28802174611
-84528329
-18809902535
-33105406998
70227817030
14552317609
-5182359383
38587293580
17410336299
-3316527751
24954734506
-6909438243
65167749055
17207635044
-8734096994
1635804528
-44446304373
-16511229502
-15884120641
-42394107332
-43622767480
-16742473981
39487130318
-34150618578
52219436509
17747968803
83953782306
-64038633912
1075526314
16052046916
-11987418274
-7952065233
38335074866
34862860980
71143529739
49481081949
68135373871
1855542119
91377752741
46734130175
-15604272205
-994281956
-6545873095
-4038736324
-29184113071
-10941460630
9682226066
-2211728640
40274506622
1352479250
-28297991908
4783299906
23582326239
627685486
55367997503
16717813506
87540108464
15374543890
9391287639
-3339816749
-32831349275
-9641664795
1019897045
101792912488
24446557280
-13485840535
58915725151
79118840437
-4607191360
22095317396
-3146275346
46783668808
-4941205563
14536726378
-12979480705
-14004076338
9796110176
-19765656100
45066311828
4827088812
22549601851
-17853660774
57469543689
-12755034914
9685667939
24535492472
-12817801361
25762958473
-28853524019
33108619277
-4235745646
-12621644552
-22013797247
-16372319181
30654993897
8863795527
-69986570964
13880227728
2867581342
23088833708
63426656913
-78721475080
-10586493078
64238652364
64984827745
-67215029645
109355547042
27816933823
17422591591
39095204716
-46939603560
18633109575
-37248991326
39203690593
10564887406
6773480995
47531601099
109149753828
75296298486
65712679515
-6211461296
5059664992
-18848710162
-1234002576
73002418715
-56608611776
-3820814720
-24367777549
4005166130
8010144652
-88002695466
93239366115
15492579216
1314666197
-14453172404
20085194823
21127060934
38527745934
14082973925
-30896345500
-12507153506
-20780327976
-5852410454
14258977667
25109928804
21211949569
13706200871
14339058785
-601820542
6330801977
26581983976
33444447783
-21965979333
12317455859
-52123073031
77936990249
414733511
-50384149692
4009222092
18739680642
5900684213
30312716241
-8875430324
7680813121
3864418376
-21324264296
127802298238
-24247609969
97430053272
11571826781
7448567794
-3126249441
31814347654
-5691039535
-10300883162
-12088775595
22465455758
-12321013130
118522187093
93979516634
-9994150882
34648492140
69526097395
4921969145
19059118448
5164553779
73573093670
2304626708
5208841336
79662327603
-6182034767
33290437664
67884506159
42245183003
4639924283
82867895406
1236992253
10230624819
9236786327
-25815101864
20300360485
-83146528088
51675433127
33346280125
-19234274995
100363146701
36954232234
34273980891
27888552569
-4406385931
-36401268252
-28122924705
-31303707951
-24710671751
42466923478
93989761736
-7723616178
