-808804823
-17880808499
-13372002717
-23391061617
-24347114941
-17874808705
-27534652067
-75218487801
132542222405
76901144095
41266444657
-65604158039
-140168745467
119018117094
86332033915
7446616460
-28528974904
64022439472
31804250333
-40497433569
28704119391
82323766724
-30834166404
-36150406829
-33528547139
-21471937892
-23312597569
7723821185
3698724068
12383678337
-16486536037
-10617243195
23986970536
-34255737025
65538783416
55220284075
-34796883770
70963994054
128274312186
6498340757
48413147344
58651032422
199808968004
-32410585413
-31346418439
59531568418
68862599152
35877046074
129650096345
19457030250
63997864631
62158865160
9693391022
4684415242
-11037792337
-50767435477
-30534826226
61858533441
83211135157
41965081917
-11950998415
-6630111253
112236306098
20298727918
14549553801
5184245869
82727514339
136105829514
-52307030628
-142251895314
48016643031
-90380134757
-35760858008
144752615095
35254143246
-82709763457
-61578823693
8317121670
35875663759
-15823983102
-40075398304
37087915172
-6361795124
-139811992994
-36983689649
-16964710171
-46660043731
47929607555
-40221948800
-46587873581
159382953596
9081073381
-12653522212
-1263585692
10901416289
91006834849
-125074262049
38089883952
-541395070
7151155853
74960464137
-72750225720
119861771750
116247389476
10021980812
48864094876
-38492602431
118571143564
-122895640844
-41011453961
-2701310416
-8954238737
-73442776633
3948523445
18202773739
-195194324088
-51949717324
98540052676
-37098288329
117626274804
15966767470
-2168321993
61761494089
58928651118
157645277109
4825355631
-55409679280
-13294061018
-42610860450
12231602617
-101380387790
-17400451129
-7001880835
36843416980
-20647912979
-106991622092
136130424191
-132312195078
-13725584848
50033920997
96690509124
-36225123499
-22408039325
3167263894
20727237131
-15208894252
-78589149382
20866036161
21476584882
78200095594
24263893963
4229536820
18401437845
-32234996650
25405602004
-57955641176
89439656094
87370586827
16426625303
173002441453
53175138613
110091916010
44666384880
-98032123144
42881591453
51383673653
56749384579
110402845274
16940864158
47636903328
-58343339090
18050784481
-6538509494
57093112361
100918064893
-6112714852
-46099302379
-42942322129
31674846622
-15507518207
-55163920325
-46096367881
44223327897
22698202726
200124609788
59483244004
80113236746
-22013353555
-44325092103
35392874173
-31142500353
-6315130813
16914596178
115090275241
92333773161
110141927875
16955043286
11401876501
62348168048
10350623003
-16370011799
-16074245238
1180195422
34767522304
26807867013
72628976536
65962834187
-103213623030
-1072315461
-88823120387
133720521774
177454957884
-55425389401
-101779934382
32034497266
-67321363653
8614999432
-56467638420
84081969290
21310459224
-45570989447
142546900965
167814717137
42876576656
-10412152826
-73621184561
2004973624
19899898691
-33107517546
2247322995
-1214993727
123112362096
104859085848
5336540394
-41827006356
91113316576
-34081837458
37538392910
10754234458
95277510591
-1401793514
-15016661773
150804355311
126910659979
20275278166
3268474511
-42877469209
134358538644
-42367608852
-116908499667
-17726159532
70682743920
-17785640874
13190747347
1321620060
26835819692
-21843623092
76784648364
10793152521
13133207988
36450918709
-69433065332
191417662592
36884838025
-11069951013
103253963259
-35114471693
-22424110175
-68567381874
51359987376
84230660344
-40291564656
13174558443
133483423495
-26901271408
62588784624
-38324071007
-21800584299
69752057476
109036754484
102996198414
25023765522
60129383836
-117812156820
52701009022
-68863308419
123167730676
12371047144
6286561014
34988304763
30824988186
51354912517
-15243677233
87568917634
-53169381030
132480927217
49332799451
-25040307458
-4070989821
28021981468
-17207548314
-60034227991
3042294139
40440403476
-24621365962
1032823554
101683725118
141535552031
78618770315
63696741
-2586256637
82978065162
24136292177
38096585513
128468214105
-155687170687
-46201966192
76796167885
18421573959
-57163002470
-17756725918
52157979767
7534322902
-37208321914
17568883492
-85901478942
18098804056
125113127371
171545511811
-102256794502
-1797623845
-63755001397
-144167933436
-72088188476
199360908319
46874064135
13597868082
-79163826198
29215275329
-1938928018
20936527885
24193998801
164503485817
26292045236
7049383822
140512568470
-38181093327
254589370037
18844009779
-22308543488
39870658861
-6645046656
-50653311090
233909219461
-108385708628
77242279323
153183929623
77609348779
36130640674
-14526340612
43365066782
4762606530
37434491622
-26304261766
-3731912296
78617303392
37518171324
3299724861
-91033230248
211612283455
12487682274
202453136833
18635462155
-33541620661
-17397047326
2992008759
-16435157791
5223594610
-43963216253
-76939915308
-58298309363
-36791717074
-10483620075
-27827377181
-62373295099
-155356158618
37701810231
201946603574
1229138521
49606915982
85668144790
-675271359
-46226971934
25772964938
-4918521721
36141045535
-34561654889
17708251970
-57955030918
-15839374472
20308829770
-68410087662
22173884318
7673432875
-14010987181
-24561023153
58644972930
21172464274
6926442381
-36210564413
12296341110
-547306106
-831386151
-114095761201
70204119479
64793426607
-6969544919
-121704964661
13482288895
10330678585
96810462058
14644391773
12967586277
-104830895844
17362825022
4690218318
-10062851724
43696489538
252907459698
-37168141744
-31920129752
1882665608
101765802111
106966355452
-13785229236
-46862730477
-121697140944
-234589763
-13942291474
-17775218262
1756399984
7834976003
-33873780237
-2397738840
-35916687830
-11864458948
31037629200
-67019683540
42827521508
100205019954
104096200474
34455214864
-50408689063
15508113310
85965551291
9019795063
65062918347
183584296388
112284723915
94087263709
-48357967370
8166100284
13020381808
68278859953
43359161984
-94703834783
97820252393
60030507021
58282843087
-18118740154
44416317780
-4615750057
34724807954
80874923895
34313926365
-10672179244
3893151674
190090588515
4942396493
-8512471941
102512220867
31881515277
22547860649
70361443300
-104442199641
-125843242137
16681023082
3755832686
-59136151487
-11497423942
74858885556
33887897349
133333492264
59815070840
27558800856
12857325062
-6427465670
-3228667041
25674026344
100498357362
208858723873
-21251246833
61121400345
47976858384
-14051652127
432876747
-23813971128
-17796982032
3755148835
6204015141
158447954782
7528647681
1514778613
-47396769477
55911200582
134285648747
116034624256
190860576319
-40327796350
81279171276
178503025792
23883868811
-54710442225
21885486090
-46366475524
-86188966118
-1327737732
44541587711
-30003256942
-40658891792
933073567
182686985672
-44652066232
-132010932145
31235087203
-6550722148
34282317780
83195286517
67639901666
48039032205
39853771511
-84145614734
9482590094
-79584047686
135896812367
-12363092625
47447996083
-3916013045
85125818452
918381690
63689232624
23071086129
-67122151769
5393330272
16444465076
33426603157
-909248240
126585758551
63287117758
49717336803
-14833397052
10653822150
-80300225909
129375790543
-42143960198
13878713563
154883208082
59111822872
-59534335940
89743621920
-28862116334
-25617580589
71547041500
13123835832
-24997427643
242169286423
-41055654996
-79034575064
91894870194
44871180002
17105056233
-750726068
7075450169
176384823640
7548358777
-75622021777
3401579870
23900904451
75199768714
-40026002046
-21143066462
-41230368
19275144359
-47719738140
-20270577352
105064585689
-121409864135
22198212065
-19624556589
-18221728264
-107592907176
-42524106969
103972567115
147238449666
13281708742
139420683484
-6249723800
65335579769
-64602799501
12745923485
195201041273
40177368583
63437050213
175021890767
27627185
19081181516
-17094866541
-32488582786
89824608111
-132266894894
198569455221
-24583046740
-182867562473
59916110551
-89551101213
54003348954
-489636571
22345686942
134559965952
-161263353271
226855880799
75165838028
183074962425
114438516945
79590260406
-23607514696
204856273476
57031027221
-3385672369
7201643488
-29183953259
-28577910406
180228640514
-16891198466
68617012676
3845174391
-38270070642
24140711080
-78976017998
-13624088133
52783937213
24306677586
68949929345
-56419841001
-37437185365
125692998776
120641001911
80984005945
75765248387
-26620594505
63323783230
-29024462667
-85371606499
116260369917
20755711312
38480307963
64320285175
-55419918545
31667528023
304103850
-244486296849
-106137230307
165220583663
-89257554175
-61850132347
59069614811
123323602519
34638446817
131056243324
-7229093893
-172133844305
-26160263232
68810265637
134310273171
83917713147
-9770648423
2932938359
-69859610496
-50297821201
144670753324
-51506935215
70006034768
-2863150748
-100036034236
15688146046
-87188083579
-1737885290
-11848292441
17972522342
9887517683
5695455830
-121319994218
23363466989
-65374184924
4543117422
23930331389
4111926779
4247941255
52240105369
157288784185
2697984507
-40704630319
-12879526694
26446918032
177075270553
16684081890
10780045858
-43706501239
-3763623423
19754007353
27889471655
100252155981
-66169813704
16663469474
199826587882
52227683331
40054053392
77362045434
158233562458
50323301520
-32599511433
133522103786
50507306323
22831933101
4442871228
59230000877
8529859794
-28164010389
-264408818
11070481891
-27717448580
-7045061240
6179512111
-125591276117
-133083978433
17320728216
-45141690994
43828730070
110422414492
2945355535
134349406402
-49891149546
-68843071494
101311006631
53924938839
-51892172155
-85928297426
-125570296643
30294499933
-41524547754
-8076547944
110335435264
34923232208
-61582224958
-29130570543
-15967851395
31096749996
-117402516631
25331999207
-37981264463
13243356140
11085071721
-1861527523
36341537353
-288493297
-17250332904
-8448986079
-98659993725
-79239009083
22775395680
595799623
9378196837
44031282165
22516986085
86917956071
36761054979
58025285665
-70685203027
165155910133
41750567503
214291839059
10577502181
86595704102
52125386128
41322844551
226725298283
61052529265
-88225832022
16859223280
145960137417
-58588595644
-125212789184
3021282574
-8750545782
-193868977013
133761372253
-3795487261
21597778712
-122784187436
176931788485
-20073706286
16520405770
44658804359
-34545133446
165651692808
-8590197354
36735922546
94652407198
164611457961
21908005826
-46089922653
-28592739349
-52614926240
33466956495
-9913776113
68224609240
-63080696603
-114119051161
56275562104
-26846358855
103827282310
-11886369109
112521768636
-17044511072
-261080197024
61525537667
-3634382350
46157271841
27457626794
-50848076783
-81467700508
-46741452999
84570096733
19238986849
22606355474
-206515857472
31992276720
226210699878
3723462728
-2878961886
73759284690
2937981213
-21637840215
-91456126766
-9682722744
64773059610
26498759811
18338563403
-195894509053
121894155140
121960844985
8649316631
83923543822
27309891416
151541852568
46534576037
127243746126
133306864967
7463102927
24767027750
25712814739
-8424727672
-62493164351
106591912357
57790648034
-6224417853
-140676363016
27356597639
-36513668136
-33991385870
28143416957
-22351508756
-19292059295
2638754125
-47143313141
108250252114
12630258765
-50900011176
-6451417794
-58097562553
8714501357
-45367340190
-95616778559
-7691987108
-13833217785
-12553622833
224924347266
132056314636
-79066181513
-80509326820
7172978633
22042102924
56954819226
58685967375
-45591188380
14076539976
45229553397
77818052324
-8448235552
121188708936
-60904299001
-66984733672
-13584460790
99712642939
-48701905293
67675934877
-19738412911
-63018420429
18228119661
39792109161
204065250562
8067445187
183331479196
-19842551790
137745357859
93435102666
42850990650
78947412674
-5299616268
-55671870601
108388786
1245968770
-6594758671
-33997753682
94389377750
-73910598313
194344238806
28067739810
10331218070
68413584925
-1966627478
-176368837768
106373264126
117856584219
81898667727
72978040472
21726009044
-42944112091
11922236031
4808180392
66431997291
125211528430
78644293637
-3125112630
-6814501364
-6994668522
-3528687834
-54838595812
-92383090294
14938003339
75820678589
43036393582
3291293330
16573329597
-6470851827
41505846879
-72002289059
7324158599
31465737067
-104578751680
117254946129
-42535440053
297833054493
40979577040
33871400870
7738470697
149365828432
-66264067996
93956469578
-11783531109
-1071179296
-7395706925
25922474092
73192951017
53457800663
28177502388
-16529272783
61898913719
56697075580
45981245968
20310318207
-2238362324
231460498628
58387403536
-13610609320
-64825782167
29420960847
-36034834387
102626862929
136750347276
-88948304585
9582959506
-293785374
119595301481
10373763628
34497296160
-83310083563
3630794753
16561569154
2095432069
21531943926
-40433044449
39553076340
82995787624
34646285351
-57986911775
180793927214
67163538957
31365756572
-40554229184
-68841806683
-52028047131
-81771785167
16436948735
-16812866564
-5674171755
4193212365
-8571101408
-30530773604
83749111602
15146980416
-63343472806
-119094365931
106694663145
-8564970344
20427156009
33516308224
14767406245
76650342865
46159292048
-109247349594
-103670336842
7886251032
18729965116
8401012508
19184072475
11913584342
132195078136
19702967332
1493115520
-74193964169
-8267248467
-44218742673
49260499583
-252187352
14602988438
54830559822
281458184
9429430116
1295451651
-30601469487
11669698923
-9019496116
13359419077
47174525102
111896056540
-70021279355
-41568844749
52192499762
18498673224
-125234348513
-164382997012
61834443180
40806875756
-86510478410
20123023521
-50036557880
-109342486330
-15427077235
-33272425986
32050607689
-23898164695
25209684809
95310562633
20794674463
244121771902
-92198944754
-40436089349
49478075019
-11947467012
-4875232586
143609904757
-5239669290
40313344547
32381489217
-69606396319
160327636845
102801337661
-119385325997
56160555933
-13381196038
42253664215
18593559062
-55027837368
-40401776001
49126942309
6310725634
-68952453439
11399000906
-30846847757
104961916516
-10906939232
-10316300368
-60291839786
141388934898
113319136927
-10496240690
101713491141
-52749009033
-82783144534
37677280248
215674205274
-152450471514
317281298160
-25689471031
-65291492845
44692325403
14343770278
-3163602636
4038065321
-149590765442
2013725798
141347449117
22071742520
19088910986
-42467358670
-35644564066
-2685358716
-63278545052
56720829444
37493278456
115835998674
-139967681765
-119136141238
92953942723
-13186974915
-9275079447
27009143742
-98563926889
31872919916
64951895791
2508812239
112995653
-12742884350
-82859067340
-27595964016
-34917313463
93531078730
-17678316365
5796953732
6638270371
160208043062
47694184024
133828883323
111289628924
-37314587509
-65728314497
39336489928
-744656935
-4265308087
-9804144940
-8485973089
59140890601
13958393616
102572237133
19825236705
20053773203
-52200276764
-15941430394
17727774793
-76416531393
-94688580803
158123456931
-30359757794
-1574620809
26991430471
100425521901
-3773570817
59788672185
-16906939249
11384503043
-1430870489
14794250694
-25324993183
-2039310512
-5735277693
141885542542
1917540097
39283121572
188670345852
-72262980464
87275032140
111091090954
74179196742
-19807574274
-6549193499
-149704855529
-14973147153
-112657788590
-79787920755
-65591647460
196756647758
3806474508
81575764154
-12325953488
51831551499
62200127058
145264798632
26245988732
3612763056
15449731203
-1133934005
67153499407
42944076112
-19508580980
-2668067986
-27701170336
3267048719
86884842591
8124915265
85406183879
-62669929714
50564842848
-131719475245
98968382303
46994678596
71903216610
-44030744863
-52026788119
161150393528
-14314515009
177595013735
-99750572049
-83804438680
49239671640
120659071240
32242996371
31423519356
-22121605926
-55956598730
-22936639847
12570311665
-29681033404
-16559417421
46098126838
-5175866821
4810269601
55814839616
53692342901
-11269673817
-29327732978
37957148459
44094986232
-56991485440
-52263446007
46729322364
-29710765321
-16399145532
11337575402
20229442351
142853116
-3562510356
150831844876
-53095322642
-22961210515
-16511720071
238905529353
124528386184
95720952631
-2809670061
38910106573
-112100980131
-19534736371
-82789150759
-24212493167
-35659379815
260666047
-43260087014
24480889909
-68443146848
-123601344331
60818764607
91362944086
4409411154
-55267290620
1465358363
6374145026
-11832950861
85983806346
-199586151819
16158559009
113775856192
30069244599
-7541467300
-75367045692
62817659939
-268422660
93767052941
31784687414
122815021201
-6266907478
98277777003
-9913499865
-192953740565
16425600204
84130379636
29417513990
79485702305
-166581633429
5590291728
51325226459
-79489814958
154690218458
-44697077825
-52294412106
-39636247333
-27253335138
-115761126151
-1774254064
-53407386441
150363116840
-23868269041
-161032358120
34963602519
-76143782610
170775100819
-102874916786
-47958884219
191667744159
88796465600
13134910937
5345275334
65769500685
-2101212773
96239484796
-5402072377
-113019644396
112824641248
-185734838377
13502190745
-130603967158
7161019394
-101984790689
160616655174
-21011658977
-1520899081
42517615221
12679454263
64866559618
73994960800
-99443154883
6952109502
-9273578712
55718263569
-24867504079
-21276416173
6362968580
83509142179
-17523516197
-22124780041
-9562056031
-35039052552
56093519536
15660746878
-32012419520
19194308974
-99918255190
110694900127
51526167493
-9091333150
128479563794
165773075997
2047051726
112708904426
-27221233519
-17528517330
-4089921478
-21323888195
-6077594786
62172368696
11527157308
132646367477
-29588726496
50557006352
124495806070
-45019759935
-654949789
-38260303720
33155889614
38516428161
17481581178
113319182299
42433280739
-60937797647
-2239595701
-21622294970
-54016831347
56384813143
70282304463
-2558027616
-157070496769
-12732254222
-57042252756
26729515405
52587765445
-24466431903
-131809257233
48666049764
97896456090
25485199797
38151772696
-796028657
4210684557
-106767086020
77088960710
-106427493405
35155820102
-16014363119
51321550657
-51894028783
284645242
134076218885
-1209634971
51833499119
-28644224134
94966123745
68638038301
17128590800
28142491107
1648962027
51290863193
94518642439
-8650946361
1046492180
-54430111163
15195041573
59456846332
125162718698
15757533934
147197888239
-535965062
-101092759547
60552201218
131562035504
-123485527168
-11111437890
9380557730
11581085068
15707830763
-8418094458
-45390762559
55869253100
12301431499
16120233236
57482291667
108485638198
57257251353
8871285707
4062858445
-45685386065
62293840195
29479731928
98322760344
-27085970328
318813492
-42694577391
-33022401430
31247445291
117798987758
-8136473373
72385867654
-110722952970
95294797656
10139149266
-65564317520
-6172411635
-44673613924
150829715006
-33324918751
-24202338183
32299231330
128020283541
17744826759
15150186291
-11768549804
113861499311
103443619990
257491317307
54952147377
183193802860
-10341609459
98485304405
111604110174
-72077865718
100125288508
-24027188094
37956992832
-36336128833
108153557312
8397472286
-74063340765
9673946920
-6171665597
-136145677334
-15517392667
103629070890
21598425216
757298988
47034258568
20459410108
7230215777
60410710972
-11961652094
-173073477120
-35580482993
-17752137139
218342426668
1095647434
15151958141
-63446968953
6844434134
44248577539
-44458008553
96158362397
4067695534
12393218943
73343173566
43702868505
-91658408518
-10680810707
14364555285
141158597670
37501807317
20143157744
-21122229578
29852554039
81856116680
10863887180
140961767620
15142234497
-26470035519
60909197572
197358433805
-1727729103
-47832880870
166325077676
88178173545
2835154647
-22169649262
119825448885
-22632999523
65197571412
119241043911
-164905910656
-41479956977
7809258314
-19640436806
-7463236439
-50276861811
22687158953
60426931705
-59863224842
131400482010
133189489187
-14979203356
236369985074
160018726310
-97092773643
25055673738
2718121492
20974667429
211159501796
80301780550
1626699726
-22062900559
-53688094056
87227929815
-198987725785
217555109889
-4297420510
63445336379
16440573742
-67597066913
53062655545
-45276667663
159634850103
19695020016
-26526070291
89103837959
3409063490
71367677828
21754592984
-110384787518
41989078022
3877461945
209024302710
146889215854
23623749842
-85063797145
2095968219
-11418138135
113825447069
-24422186866
77699158878
-88408819413
20636018389
172795367002
18557104175
122442626052
43764649231
101838051652
35177966072
-50294985135
-22110725416
-49231217306
-53759158125
-35082863635
-43417246026
-82526070675
24200230568
-128699691287
19735661341
80635538487
55943372530
148193398964
138834855312
51461658508
110878942543
28653425896
12907375873
-15099154072
-45999774133
108027677873
56679147946
62325530032
-32220812532
-28201374715
-23889501886
-39738689469
-79284702792
76946846505
91912084012
66877967201
43599837201
149949474273
79753316999
6993604480
45479569821
-97879725372
31613187450
181618123539
-36236319556
42362015272
-40401245941
-3082571309
-66612279548
-46428364971
-23159911505
17454995884
10532919910
-3311773969
57601823401
-5236800703
-22534609881
-192459457928
21344860376
21201167543
-105198671435
-55305775726
-8243854443
-27408219747
128273294043
89911508560
41808572073
-24354107073
87202489771
-84204656339
138452891974
23411433459
82210766175
-3006246166
117274216146
-23440849849
-1951481827
-34405975600
-9889374003
121353886235
126429326830
35877162466
45411944196
-53168740562
163169049127
91371496790
-3060037955
175469030972
67359790317
25806501686
-4800623599
61755877995
97477235095
46716983062
-71121847943
-30661080150
35742658672
-38399738694
52924866671
120563063822
28341364688
-109813599555
85255181937
-7983822166
-5446547264
32372066142
30292978398
-12043346515
16916676607
-18888023195
75297283670
-162723397380
33296231495
-2165343917
86870292577
-44048801410
-127674594906
4406034884
51769640953
-91657191342
-49923059483
-71606664204
-73486513583
47964597716
-31081160752
160642033373
139848453721
37665036323
1248243510
-141638514607
-43290898359
168274620064
59003294407
-108734029859
-16165743515
73341246335
325781638468
55454894397
-159755010145
35190260266
115699689557
17040190571
83956435768
-92465973903
-12312155815
158876317052
38710971780
-7038621816
43521273101
112042702998
67888480289
1556258443
77174082398
41668834002
25957327653
-21589275898
-27013647805
20470413564
-73106269812
47251319867
-59547757473
142050445468
4411766674
2971864554
81847901810
-134724419651
1498747395
130771905558
46300974432
45616274336
25309280620
200403464717
15348911497
-133432531722
260862829851
1322800275
-60744850415
-59091534128
8215981382
67882950413
-56635719570
-2633695397
56165098006
2273544797
-1208982822
71076656904
78545541191
123393751851
-48039135354
-112976714027
28003735236
-24396568828
22502661226
20919705518
32428072634
-7652696111
-165053666025
-110706582224
-14826549927
3446913639
-70776838944
-12030690285
-117575501854
1193080474
94605429358
137267204753
24259338346
-36848873956
184755200081
10461623120
45538883315
-5588984253
-144962767897
-41099754462
-35917471426
9053899080
-9300477675
-93480135022
-57774051792
87890201200
-75540926507
10427318821
47130242914
48924163
-167297287010
-76534415295
-25675471049
59307897853
27188426752
14876304061
120004162637
16313734316
31497255270
101422581329
49819493279
-17361211980
-37520685470
-28039456422
64515141276
-55908972394
-8442642798
7522735428
108137340317
160700724122
68651714329
66300476052
585422725
104667572185
45684491819
-35180017073
-51142604590
-29345680409
-28981011744
-47529585316
133429390831
-25366786053
2687756287
94668106822
-19440020596
36355355697
59620312559
-42056794573
5053098313
-25323042790
-6825428557
17693060070
97641601839
5939521965
-119389487413
-123242574130
-28321721248
20198202376
125844375287
-6267866000
107299571898
-10513336896
-11137851670
-166024132108
-15259360337
-36384795112
116450220086
-48253810427
50993093440
-980205211
-5513174883
2789550410
-52231126382
-24908487783
49061354037
-110949190230
29396110704
2485355623
-129821503278
82976300094
-45716862555
-12616655463
34450362976
5951269505
45607700552
-6903812387
167125157001
-27380783696
17249828030
3030248291
51450740349
-72054898788
32123983466
21501726125
31206484660
75602920676
151929952273
65771754132
-9805707808
-35895725277
-83385657556
-30916453863
138222610755
-4105452446
107635465316
-52848306708
55509666376
115139943971
19214860596
16026158152
53283395819
-95439323427
-47078745793
-597404148
6730126994
-42984527068
-70087248154
-22495892870
3458642411
34608295803
86598860749
43261722604
134764654
-1748937877
-35033182577
197236188591
-65883279777
-73049677959
160607270491
55863421812
-10441910626
-13870459562
134522057388
37928630289
28052083624
69599900146
34052575951
-1143797075
-5676502375
-31173757293
27853002421
-63540270607
19103945918
42698375849
55828741909
54899177956
-39140830201
118270463555
-35496414612
9949477324
188526985973
181059236425
-21894227703
120322824236
3111448341
-105601393095
-27228983690
-55882676857
-11402220301
148787256125
6365313485
52418822765
51974758398
178268330166
-11356857015
36026061427
111920602508
-68354407596
24909632573
23988511764
54819067857
-62143457760
11652974799
222644300257
12138973530
678832884
-52555909663
15308554610
-63381060671
4968445114
45186336567
73638843898
-79877574740
134176833375
11169392894
-19649781403
101913270821
52220031933
-12556474999
166928262827
-39823732731
20534851619
93190615935
6860678604
-207949753
2509743498
254699906498
-134040023851
78077906834
72390485150
132786808504
41126127249
-8346615716
-113480495505
40330040431
120887169510
158189945179
4273861320
-8178522011
-32230641684
93057754160
-87801501027
-9473249260
-140476877172
-14517949733
45117826868
133135194525
19931499398
38979732545
-21414076938
-81266774837
-150141106351
34256571819
68749327736
30109347306
133360349527
28277667756
139924906969
32897985552
27500866696
235904984277
-119694374307
43038930592
60646547540
1701936679
59445968360
136702482250
-3473919523
-30165300359
237703182386
29434110643
42632759268
115669081056
8381901870
112405887994
-19812457640
161741233527
-93776434320
52068686369
20772259749
-14386059859
-18859418332
37350583321
-69039088693
-121072282331
141545368256
129830358380
-103794213099
43324434270
-9104583800
3854790164
-50224999102
37141605519
-23414942396
139142417372
70243489000
12165537289
6485109351
58422295051
15608103111
43058790887
5783457677
-23201059033
62567928919
-111888733883
115533788906
22994929078
-32006342455
-17706716057
-60999493948
15811077985
-3248165012
10886246494
1322501340
-185102267309
59229953494
31211156681
40713441850
14121512062
-589065442
44998727871
98530693968
-25872211049
-26373374301
22014010007
147859194485
-32094431247
-19481469211
15359785001
-32042496854
38771427613
74877537949
-251350430383
82310595873
-36097123693
-187566811391
23261723512
18693504798
-21489122599
-90319687380
-137334487896
85624193982
37055467489
-81480056560
141424859181
4056796958
47935474249
73300762454
137311438944
102173485248
-14785944334
18756036975
-83190433362
5397701203
-68252848174
18844883282
-134301494378
118697507262
-14107567523
-154394122837
95042020709
-77274637024
26921313660
-105855933179
115883029200
-106202820050
-35935295847
198333899485
179872298624
-50043672780
54114188974
-87017506765
-24360977844
-4628047406
26242852726
-35877908568
91200008388
-40154176851
-8248494942
-82545695472
23822648920
-4721394298
-23384886712
122053843878
4287097923
29060326792
57583930569
-9815196341
110504860043
23852853486
13627952936
-57779985145
11863626412
37635720565
-76228992933
44346355919
14807764904
38795304167
-225315123
135013352823
-102186617385
-3644714690
71993490519
99452380604
189648354035
150146818282
57181378182
30131697853
79992694619
-59445060
32513160518
-11577668741
-16334711752
113215226800
-55520285651
-58602904017
-32447245927
39751326531
-31465660209
76531568609
19877539139
23398178727
-461724621
12803562511
63361553093
7717584433
43497675495
-7170405316
9891701453
13809267446
-12587609930
-26000468894
-1541820141
-1400983921
-36349814658
-96699871157
-68600718091
-54257173239
-1631215173
1859900906
28062845586
96426311701
51090587035
-146326507820
-29575227596
43712854019
-57885586510
31326412971
67323031278
24774035737
-33848664691
148376338383
-42187186242
8710521483
-100726724377
35777780476
-11355373689
-16851543779
-1340608185
167370553962
64523948148
-2014125880
-106576906874
-31361992597
25916806682
80491634023
26461974349
-31123001835
-4152877351
54490942531
15845638472
-136105387730
21735898467
58761065299
-40884580734
-65509756081
73185800525
-16512066907
166974426794
-37687423237
9695475385
-82247857455
45959360290
15402448631
-18358664406
-70046166087
-26323230800
-24654593730
36863426191
-55928084963
-12818234988
-18378991241
-5197236366
197371697497
-20272153653
-5608905061
114651600655
93114700166
-51917925257
-8173078277
242078811911
102271323263
153706612398
-7597704093
-109693160146
98526744
61981691580
-6211765185
-4402099472
13348716342
45539123722
19767162385
-81167096261
71932773105
26256203393
-75124883391
73180223932
-32977787288
17752647894
18582752146
88015837543
29624544089
-27368946788
-11485526487
13209429875
138494217535
85341749749
50236134649
-16219018295
-26390246502
18842295902
18340631693
121568945651
46515522751
-96074965719
51210034808
152833480281
-5858540180
95240977406
-111618218275
-10962533809
60487510186
-1657976317
-7904153703
-3515057533
-14502163836
12863888450
-8298071003
67052145756
-90879150803
14503578519
557788973
-5120543939
243541784281
-72397117065
-51443757410
-2375067880
154097928792
37688774921
78192543618
-59748657258
27137951658
-32368481045
73129947550
10373365249
-92434773369
3803568685
58973452771
182545985115
-24552607365
11944833593
264779633868
154958475330
89743499842
22056517975
57709326710
7356226282
-46673935260
49793872513
4115790349
49058553612
-122638031165
57891534836
-9567882961
32987197855
189681670761
9723414800
-9597060649
-140535284821
-124136774600
157279688965
-37501208514
22872263717
51010271304
15774345559
-83930079364
146126873393
124265655391
-113202490361
8481502612
34904425185
-15048830038
-25904796427
31193276438
129608919696
6618232881
95507379526
70983386057
-3646788522
-64155260039
-67216115418
23497023970
16207426297
-38304575086
-46174298721
125138581060
24810116133
73729171528
15411122465
-29794413874
164983242197
96689438797
8245483238
175021587995
100440851590
60678659527
-26205426468
173980548568
-65365503337
81968555960
78274499013
-987254244
-67118128648
88582687822
9949473686
53269871094
-2065870364
56567483536
-64388395187
188908341445
-16016933225
-723629859
154233796242
-94703347149
143273642077
217621098983
2367203176
50116000633
181616565034
9527721835
29144407002
19624851944
16392839430
-88645730908
37103000349
-10325760869
164041352549
8029324359
206405339250
11903491602
39587952040
25168823116
77877445750
188973496728
-35410349768
-29667215915
-104767785935
-17232631230
53944044442
32733203804
18831059542
82398869705
-55594415409
-5075727723
20753443836
-112261046042
-61708908245
-3882908746
-20929843900
-21880066957
-27818100412
3959437829
-10051196074
126812847107
85513983762
-28523081606
48021346519
-43542353649
14355686854
13787326374
90682263286
8163095480
-77520699459
-58576583308
53734918949
83396442751
29665716065
111044045789
183385377965
-146186754045
11308771212
53965403688
-18902410004
33784364305
20378194893
70359451932
14797867503
39479275540
93718396503
52184545831
144842518030
116337709311
-110983237669
-122324638775
44416536262
-45592487078
194371832932
120773456023
2987926816
-11362086020
-73597418152
139163110894
50998938038
-124918753144
96730352373
62579615980
32588066160
179982951856
-59010823531
-7680725436
163931698972
89079797276
-10136330524
135271127408
74546754640
-46724932025
14753172046
70022810047
-4137219927
177497903787
64053915490
-14570388509
-13230574751
68494362808
-15595933698
14987973476
-120732314113
-42536942021
-64743126577
-63565649443
-67171768092
3607431681
-117519734253
-10296117514
-113779187922
-63519523720
-1676294441
106212156763
44772671062
36405736092
46670541241
2906003395
47711506486
100715241211
2490402643
19731664680
8396655273
5785899675
-59175194717
-49709325916
-8565876938
-50704111080
-20505563033
212654880180
129699581805
1929033491
-83813097310
102118263652
73298631351
-40840341166
-10200278982
-42271936566
126422613
-33450899154
-223335824917
120067664060
-14342857107
1517626951
34836840057
-37543722962
37516876545
20045596107
3706288622
99261992034
79835832243
153423889300
-38961556416
-52231952606
1826816945
80607666417
-61285597544
-8969914344
95672516639
50862336877
38941016202
58528389804
2024651411
-143082074191
-17408194031
105962095987
131032461182
5302014933
-7153294192
-90373173931
115733901095
106682466469
61271178279
-57265342512
123008448450
-28281516906
-79637450582
-69224423625
92076145654
198200333233
-36772048976
70943977891
-49367070079
54607846158
-5616990814
136259300176
49746215488
-62324149224
-8731229286
26389569710
127234749076
5149359725
20924962279
72637649907
51418310338
48034862399
14580441441
133058780391
-2440309742
9205537278
-35135314917
45492203600
-59274614597
19867060501
-32195975423
48337965504
100493440626
28862359332
-174465701019
99563142451
34659911496
73385843199
18080810754
46905214467
26281810638
-150526851784
25575609407
9251229510
41047766158
-22995423468
-16174362311
-66058554492
-34572366920
50614067289
34844868410
-119181090402
-8275923550
172596058456
-93951515484
48730562474
66340787720
43872945967
6090185060
27938277124
78229975815
-70473235394
-14066303732
47862713750
-5172307709
32396402360
105261701189
-27925328352
198588470454
-64811806549
-4777263064
11285689900
5308579018
60960130575
160500427242
80072277047
-100667434515
-5337060839
94781420454
2379966278
33225596537
134093972456
228637862475
89224517105
-62806591636
-97619931411
137474250458
-8970787793
-96680754097
96138695292
10090741226
8563583234
113362100504
-14535230832
40089984907
71263011752
-45893885517
-24851469839
34198200284
-126242188011
-4983412138
-43178159391
-74390648786
-27470996325
741114024
78840161547
-8767914498
8293449395
-40230914574
-93019253701
59068040452
-13573714533
8770853321
15211981066
76714722054
37659900517
262598074
-108695823284
-78145351568
135984255372
-29873723134
-25224496235
12304190884
-8249735678
118373077786
-25809413252
143466873427
-98477550503
5506748074
-38623201752
-76712157038
-6687726964
-388682429
16191179519
-56883784261
-32599125304
19947937213
6748309143
10766545913
13438843104
54288552753
76009155410
42934953471
-42553851496
51434272710
64357068011
42929957429
-33039176052
63838926373
16909860368
5371789363
4108166766
31835743805
-34782324130
17713602870
15897599367
115652405359
-15209683984
-92321866812
105445591817
2762096466
166373831137
94770334019
-5618531770
-110596481301
37779894973
-26101790512
-22192741914
173771226716
13154612127
39732354933
-44028646556
15661871065
-122452454300
71335033822
57576111868
-23210733253
166761662138
46744946460
77426486669
65477064286
78094615319
-17174540730
-30302880916
-33189288348
-66482957859
80420711655
-319583732
129072243637
-4176229581
15620456259
65852880622
68449730729
53326070199
-14587393994
29211122443
-129194451196
-70751245070
37976771699
46047604346
15380796748
144888788642
2855354460
-28568358732
-53850262539
-53903800023
34488058680
-103923652509
253856418331
11501203817
-148795882223
2664936434
-3995518329
77740966717
39351719112
87187732051
13166302305
-48817482209
57650450971
-87601449011
-31068547370
80607687491
2087037420
-27777868785
16111063133
20262219012
90495516951
-125063325286
81602897660
-11884357650
75738760796
-25244482677
-10279640111
157201453074
109724827313
164050819785
-2964538133
27128681776
16775600003
95421347824
-17185756437
-71519584667
-18131044256
-191855829384
33476608672
-66175659195
72650930110
32072399546
63633825623
-23060513638
-15453493522
-18155590759
-230426165239
914647743
21741171340
30892431026
-5121234270
-1891730983
-20720412779
-26784312691
64862133265
-54915042721
-10033318342
23039736827
32130946302
-88483071491
6515699420
-170938345686
-5131728982
11226258107
6291522297
-12472028390
23268309459
32363252127
53924562054
473964403
59042355797
92179647537
-9300028802
-147841243992
-20796305657
121782203602
71936799917
-45990529032
-190951401
-34921769799
-12553541954
-31715030943
59905237933
-11477860975
143517346142
136711167258
-19933762238
55322330594
52567024459
80607011323
13912206686
55656025079
22880218813
11091145462
-62506752482
188912631029
14581239259
14251879664
114407869225
48257799117
87949910518
125044607630
13478192625
-19335201250
1770137164
15417900816
-5653734740
165821089549
-28620432438
58669685875
-38626339740
-3594938575
125013817488
94702339267
-8936215991
-32784527325
-81118981943
-7378785905
39408758270
-60131526133
73638381752
12814722043
23088614712
-1315878177
-7849253080
5540721567
41812425170
-39185856317
2027694384
113245227796
-6203034374
-25666653306
74178429428
35296566503
113242932500
-406879509
-27326377401
206625311754
90037098313
-2435693852
-124327647319
51435633861
63508118963
154734371816
-26785859813
-108464991489
61495546548
-22343771114
-328460402
-21764770082
-26460649444
22843745182
42883270847
219120916453
145752593573
60217402408
-19066886305
85290812474
34744432194
154604758086
158735401844
4906941643
21236524226
32955879046
42291016077
39141120712
-5498797080
19502839107
8333766742
-122664369352
-66550792835
113354575608
-113074208609
87942335824
22496693523
126866684129
-24470297133
99103053108
82596021810
92924405144
-13025724886
-22928394763
-14052273092
125552579567
120266815745
-28311483205
-89603724309
-65376002885
-59964969787
-7696916658
65827626211
75524110926
-144791177547
56846701747
-100935902679
-10643645137
62891873353
32115741861
-37385287336
19742119706
82522643263
89031904898
117132630373
-15627082853
84500169206
-120052784810
-1714473347
-51702171004
68640520692
91728300080
54720557968
-5056353783
-182886275653
104949658283
31795744170
16953962175
48852930076
60363936365
-76063682805
-35906102270
51653375181
44026692337
-6691539761
34621294445
170646081010
-927546127
-92992522638
-84864871435
159835458304
23499288500
19112719489
234374025602
-27219145419
20337636218
83972299369
-32662641525
43005242272
-100959054032
8829936920
18591853667
125086568061
-86159136
-10503766309
-19760430234
24822716112
102159939802
94725519568
-172086840623
18551861439
-28384537753
-85251734233
20839483426
60320789557
-11412615630
45033573718
30862427161
22474047351
-8870663059
-102903028878
-9430450250
-16933583203
31699162042
-6080401269
-53127087834
151602477180
78363029514
15678753957
51674707406
-46984403834
-13992185015
3651830312
-8331197001
9687956814
17665463447
-88071509543
-65191976384
-69225685133
111033617441
-59190808238
-118317600309
-7975352740
-9926300640
-52656409609
28277337926
21498988259
-124893688320
-6047594956
-2807884899
59839069990
75099364380
-127816739581
87783501606
46530325260
45733754332
-66705933989
62566642724
-20019301684
158539303176
-8975702499
188526226185
78558794841
-52492341170
19059483886
36477831895
90697858392
162257385639
-18208105843
166267340474
22398076337
-58085655096
19164673875
-101284651662
-39503180060
-18486326935
-98462567303
-6136109709
-43137454419
-5339266983
-25065023743
3738477452
271046093012
-10263223464
11807219128
16219169168
8077359244
124928602450
-23820737864
189065206557
22181506706
-7553327762
16565724309
45193042488
25299556099
7081292535
-14753656934
3495157075
38429892682
-8761041560
131386875942
-32731440958
174578961504
-69913828525
85805011943
20393233002
35635819018
38048979541
-85893269615
-18293834269
48757722608
107297948609
193911410305
-3629292116
-5198148105
-58140151624
36035816840
-30010119771
-28791437203
28615717797
135166148106
-58372094588
8845859676
28020499500
206559961835
160498518137
168350444522
-73998868358
32292639404
73304557330
13313437545
180488205001
-9990362502
160676651761
61848863998
-45358531074
-28363844265
90090840281
180549854800
-216249884
-25067869981
109260017189
34335598088
-34913699552
13191412769
29957527491
31713094138
20342228260
-65184175521
116616230477
-7952690429
41583363750
211320385
65821599861
-39047027077
-42262258881
-27753090225
-20443538817
8759849342
48273830888
16917132187
-46584560333
-22181016925
3681878904
178114311969
49735772019
78381181645
133499496475
248656046651
-81818603407
114587384895
-7429329542
17592352536
133168279145
-66117660420
5586683513
-21603314902
-60263935178
-1261171854
48154657945
64408757860
-48366818338
-59367367254
79089977699
86350047301
14504008600
8574522732
-6256946944
43138134371
-48360107146
-39625620657
-31181395256
-6190982372
-15972728380
-16782642131
-94248753585
58190937530
1202878940
67806741024
-163363619442
-4167189710
-109615725677
114701555527
64881671925
2999714535
-25813179720
-123984792521
166441648625
51020708300
39418836655
-106867418388
-55731011283
-18031814146
137152540056
92593248629
60306538788
47687565310
32807313504
60476450660
-1834863334
184571387367
65343697742
-49457387721
44604122012
76596850403
-13531327714
-40305378034
-16084948216
58256378328
-25538777617
-116738107819
20004940059
38435384495
-7301085337
67380220808
21981916742
-17163060051
-47435946540
-41033251586
124351851382
-5254063849
21848365581
-20013806665
42787327986
173261986339
79933792671
72086598793
136977264395
30503533476
77153445041
36463869064
67165773251
165518700743
-18202815431
189053264276
84136168491
-139401651123
-62588701660
-18826660841
25843776674
15480399948
-77468397579
-23715479902
53400340813
-55915918169
88533056246
-6874150006
141800752955
-161028010735
110152594220
77500720005
-12097848784
69768819419
-7514580946
123364784033
-5897649118
-16898384180
56556995825
37830956233
78907613267
10729912152
8343409233
112508517696
26408361584
-33034552604
120233554614
7284174426
-70008244281
55426475672
80983744449
-10486675102
72867659948
8540972862
74080120671
91492769781
53770133945
269956386088
-75661471123
-30854607341
-101226527853
92751845941
87419300420
103660649816
-25674691541
-93050816780
21892981224
44031345898
-35310203814
-14505218339
-18883425339
85623166154
-13027084064
-89993130662
70850534476
-65985289641
-4408105501
104351057134
-4639433226
116433755674
28312436731
23611370820
-7214599709
-7057184014
181040285318
-105058885858
-87491747330
-10714372971
-4375424303
5962056330
94777732947
-19448416327
51889543035
28450023041
-53215483898
-151016303745
122695864218
58688526650
141433154256
-24306155410
3745652941
14110102759
173490490336
262194898883
-3891937792
-71738536238
-22769425305
-15479931900
94002996434
-216453480700
-6876890388
-42967868712
184991968038
14396355975
8174823740
-36990656905
-5437059112
3848890655
63586027477
22274527025
99806452342
161920393005
-102052695148
16075407525
-2216699537
-38158662834
20158798083
-38264477921
-81274984583
-49542197097
-6799542629
48497477516
-36910036273
-113853066394
19439012165
74313144728
39795547370
3492624557
41614925595
16398906219
40084984415
35592588646
155359694110
-10973025300
-19238479607
44431412611
-3676624790
-14439282659
58865889992
154230840604
-54190678799
-5716166821
-15681772447
97890965517
17776444708
69172383271
120153333011
7925654026
-7554095904
-21563214651
-23148999689
-29868692228
-56242328129
151016059149
-51347202404
46540368895
-8208609404
-9240619902
27316506159
123123695021
81776670083
117796012579
28819782776
-74689432609
-18836376470
35764181970
23001438492
-43353572199
3489137349
-16999520999
21834757648
-72699952557
43141030387
28340969905
-14303592681
-73624348594
-44538562128
-94744011839
69805346081
91324404172
-14425517661
6311019110
-23796633000
83571684302
44743956077
2569309202
92051054954
-78668653398
70587357664
-16202921879
39335763434
-16257379472
-10852764737
2569524194
220145664136
7427371872
120629493134
-18603392625
17438138921
136700318636
138337405712
101043966891
-5975290624
1444924171
102025953312
-30800113562
-13688526043
3719351057
11213747892
-84196310637
-5301039656
73365985738
31146310034
-35548956098
-3240362800
16748130906
-26031977206
31806290953
-15899328584
-30953634547
79959342541
-74724846494
6985364343
-32258104931
18116743047
79878778641
42959073874
77992797789
33278511892
14671926602
10695310374
160096938479
88501306194
19769419380
-32984614000
-11894717072
-36787818409
-28440696489
27130353797
90090491928
-106441097861
156236970442
-62384261174
56622448852
-102195868596
-87959473996
3105445774
57031771095
13552934273
23251344718
50193705214
-82725195927
103173912273
594864024
134483484405
-40729657804
33715856413
75236116175
242640108056
145767251968
-38548801340
32847252599
-99229554480
60940183392
7934979815
27525724834
286349113747
99626451539
-28465404551
21051882772
91583698231
-98720396027
8780071694
216822640174
72247470468
145154204316
-43948714972
69337708600
-4477102487
36681316998
-5346292416
17483310263
-21354023936
10789634370
114055845218
106075699426
32161918695
180363504442
-35004108347
90128229367
20622387759
-49985233119
24479479363
-29030005007
-15149561287
-30049375141
-9577875131
-133031766643
-83873726515
125177531560
-67986011258
49168380351
21603410563
92229782283
-26169817865
124661108105
-16558332161
12357406130
1342987988
-57048370258
-15704360023
14906571148
58906042075
6421018918
34208910083
24027522383
8496387016
-14856465375
76140843282
17193141148
-60355000369
-121100780140
32358703780
-57913382343
69809605392
9505730375
-8268012426
60713362671
524323904
36147048242
-1598245549
5251528821
93293247898
17300046005
-34736675370
47591821832
-17199667805
6587226390
52548657340
-5864429275
-69738637600
112040278970
34367470840
-6721534271
46501143910
-42198995571
3665376644
-82293872251
28663280350
-37624551010
8937167077
120584728329
-14419745662
-62419526031
-2489234553
44124651486
-32244215857
4867975519
-66518729506
2070581427
32690936684
-20811172640
6733932675
109017297918
-48042463980
52131759853
141604814646
-125766955302
4292964970
-61919031502
-5193765181
-11167803738
-86035339384
-27542418325
-90730056522
-24818410121
109084911380
77326828581
11444985469
-8358431585
82050172775
-4962850180
62341364899
1979475014
-89202723025
-4291662132
-64205042022
6577463802
31015481926
53240512175
-42281369152
-85888455406
-92031872138
-56202524032
89013286686
6822645991
43893036318
121688948211
44445398442
30964651928
65609159076
-46701505081
42782605868
-33718996101
75899836963
-45812787071
121055598063
42068557174
37016043936
-18074193842
50387288129
51260270698
112181483921
38286516378
15841746757
-193093328826
42272773235
108825479954
135299946470
-83687384509
63005153698
13787546568
26415459384
66602313451
56152510457
12352057821
126509892887
-22511212776
-84294281905
118969088227
25409702357
-26411899932
-160738297501
66532178182
-49681868572
-22509009572
-27439194962
237783837482
128902147441
-77677175762
134797172597
86022731527
222143950973
84272081931
-1412275975
60528674606
-89889503326
89733933433
41329252383
-52636367494
-40209006277
13029818918
29151575249
43724557526
50668418485
73069984195
64999425165
-11861427225
-53896498747
108690358477
190678741448
-102702436862
139814278841
-8957280969
-18639244339
-43569940766
-21512353717
74557731844
-122762726207
-246177233309
46745905033
-27159915140
-20811915949
90895278320
153766345233
21605959092
-67108936195
-49440881772
126661423281
49357223577
-83345302886
14548182707
12881033544
-20049127782
163200281160
59524997928
36305272681
6090051184
172859458282
87432849382
33647191687
-21934499309
132865353682
-91961491511
42660354749
4565479989
-11480306366
11133893628
-50868316167
-20041525859
22774239800
65831616051
33629871329
-84120982738
-14495553198
215342138562
51689242691
9610134485
132252911691
-25077801251
9738057373
-107295433587
-44378222714
-9727676500
27618632980
-67862281568
-6010784994
-32456761756
-33321035820
-26942457397
-151781134260
-1327912047
-21241423827
-64242146557
57659564075
-14593298996
-30486251924
79805073957
197559734261
4090758148
54834238778
42832501620
56024946905
180442658740
24842866888
1330555083
17781822895
1043417784
-76211578370
48113144130
111678709736
3644070336
-8618121523
17068482417
376900984
41605898594
28323703895
92227927571
-40281069127
28570477284
87896541037
75234388463
116399862435
-11260830032
71551894790
-4246151764
41886734256
-32365721878
49387913956
-17421160820
202076329911
6090036332
121453641088
278391539905
5062380783
23961242683
105515177422
439337905
-17309063700
-81471485475
224478539961
14361959167
22761278003
1368709464
27948029045
-99437812435
-41946662956
157930516825
48983091474
-12412546973
-35120367322
-31323916258
-116639172201
-174092478383
53962556396
521373923
17918405292
136418785888
46258519435
8456814442
109120592303
-76707508594
-18286723618
129495534312
79103777617
6604655283
-31776297764
137530066470
55131894711
162526847738
84075065261
141589872305
4437121641
141399573665
-101153067629
126914241621
6462187964
207718325089
7196676770
-104723316826
-122160184482
54578519260
141237696673
-54982405867
-47117433241
-33297550064
26478082442
-128589171840
-45014292564
24871978619
-2023509206
165140211466
-1600070225
-138725392692
50807368554
-18290832605
-36431162006
-11986659164
-51612759182
-73652810
81690951677
94638126033
-66579966053
115956791549
296168785088
22516051654
25923281477
54144388618
44061100496
214141982425
55880316509
-41547031562
-643164016
-8325387195
41758886575
92880510848
37624656996
26622055652
-68038665009
-17955123748
7175436521
39183822237
121748004468
28427264182
17410100249
-25247881498
-65922219545
80054604350
96352717160
80581811483
-38545848404
22765619776
621790599
6331513774
25601004680
-7688508985
2005006497
43002413633
34946973804
-63905667797
72953921182
67516628784
-49424171099
-53419722678
73446815470
8953832551
9163049644
10296599140
9514979654
87502861946
-25537355063
-27928557505
-118241680999
32879279658
15873312193
15868790533
78731484642
-282308211
9657710961
-24385847537
-71317141156
81894921062
117198381873
35284239001
135178936519
97524250170
105031734102
46194853045
140689310034
-206839161834
-18698303897
122630525381
160004322891
1466018073
32434367228
6801513149
8788818199
3998613872
1714323791
51431762656
-35015017014
91434898664
-56308859973
59085186485
139713333919
-21713212418
25656503194
-23687832132
74779557037
176406544096
-9705606043
26250278559
185724448056
86859303688
-1777245065
112096470215
-34450381467
-7693983893
47655464587
111772764860
-18604461000
22693453297
114218769755
119762826474
6750609684
-49373348632
-8544421105
-20349328476
17139802245
-57162331493
110285418506
122509112406
-27233143608
-6250070061
160831485276
-135239113274
71271675579
158218585485
32239066131
48341957624
1202486521
-13524498478
3250072953
-29998891161
-103030028162
128626862
-54384301229
165669698551
-17066903350
200115852914
30657435854
-63034766980
44942172795
181551982727
99359958764
40921934210
95836643353
-140496671788
25599293623
-80667373726
73381162475
240687957032
81896786496
59124921836
-157527039622
-67070333334
-34515670427
216233663263
-26051289381
-115720788443
50937623279
34070042753
36875829279
-95038539241
-32612215037
36985476450
25710889521
60773005190
57645176247
18301831425
-12708639517
78694898802
172999714827
20328267472
39843906644
-6269641855
-119239953339
17659728286
67486144642
40843603249
35365019243
157609281108
-81352728945
70862303915
51551999549
-23597156522
26154134153
12622266847
-35654944115
23738196286
-11458701902
-3566525642
129326074315
172294573108
60940012078
36087223702
17370039245
64767080097
73566517340
-15451310791
73124318543
-193446381035
19095057776
261501610553
-6642196345
-68284165898
36663482803
42538014858
63632134112
-68239775375
48524185719
16502247974
42635158532
-2467563063
-51776891125
-10647669623
77055551246
130464720820
-128418334112
-3984529863
137070795404
23351715535
-59405004950
-2488400130
