-4721368956
15195367351
152955557
2568120112
312842947
6362805072
2647383700
-15543732367
-20229844384
2986441884
-28378582342
1056404475
-7888462603
-749698693
3935711288
-5045531414
-8366773819
-1874885079
-4006581796
13528673929
1813110705
944888420
2314969048
11241152442
1981975021
-1843555083
2454515253
-5815512814
790943161
-17843466412
-12706137074
-23526803624
-12606492570
-14736907721
-16093301663
-3830692953
1992624776
7046259116
-3990030302
6199597151
7663808800
1201462139
-360570924
-3929565043
8001159933
-2185078206
-13176972745
-13715014050
686487034
5516781575
-126155011
-2877140080
-11946912657
-4201848808
6401292074
-35192947066
-1647051514
5619578719
-1863890910
1713713137
742315453
404706796
5013410847
2528412372
-4006185156
-2219297812
6310938841
1944056134
-10171578099
-12857234118
1472875363
1670297570
2405821292
-11888581253
-21638346061
-17086638795
-518182118
8465079989
-10709589566
-7393008394
966526312
14703373266
-4072454096
7184899529
2581064259
7247503695
988402409
2833728141
-3223202607
2024927095
-6538481047
-6050286892
5009203458
-33217111489
9869827508
5072359157
2021432248
-25701667511
192651215
-5695559459
-4824294001
-1094835914
-36984481489
18116887044
-44055065
-6396756088
-9900852876
-1919284832
11816018357
10678932698
-4751451174
4942282612
-1017393566
2238268583
-5688141487
-374613243
-9741484413
4608021054
4390963087
-1943770915
-5208454405
1492591600
-10064738648
-2043853718
-7319166705
-135973885
10619286839
-282714615
-2747233251
8870326278
2263873963
11582807227
-1756657202
-15714298455
-6155707440
5314575512
-1259136125
7028209256
9647580874
5526923159
16168890716
3531380969
930476703
1262801998
204485599
10631033097
16671457497
14790190093
-21638018831
-16091302653
-26972225648
-9207718222
2410802597
-2768730782
-2298333152
-2343493946
4251062059
11376677620
-2462681809
-4027231469
-32871880530
-9409193282
4400420666
-2258702992
1586051833
-4421453459
-3214033828
-10244423057
7795206606
-2825163629
1884422758
1176817449
-2891257519
14912679478
-16005335492
-15806328029
-13269479748
4067834352
2609725481
-8711987619
4957849230
9568626158
2470167860
-2167897683
951551788
15380160610
3276339113
-10486775525
1181692865
3541396110
9749507106
-6074641548
5788234306
-11393511606
2621455334
-19162707152
15432731550
-35824450008
-3547851844
-24272088609
10967441025
-149944983
4316909685
-13765478321
-3199999489
-5010413083
5241837714
15061114127
-5588153227
-4995603609
-13180216096
1016061741
-11021656066
-2444108438
-18754939229
4515182964
-3117778521
-26118128699
-7740020370
-6302521937
2169193522
-282456449
-244049279
537432504
3179947956
-11517703756
9919270558
6292409824
9582574162
4544562703
1421129432
-177811268
-20982054239
4920510340
-1277205770
-7744244888
-19105460044
-38083991638
10625729597
-8372434948
6551682009
-769361736
-724208971
-7618420808
-10412502456
-12951477462
-5426058777
7222816758
3261379
6845835981
-14623518529
3977956373
562666472
-3073496761
4067830519
-20937818076
2557013255
-4264557586
4568883294
-15134274867
-14594916670
9564768154
-17656690724
-970263745
13794206144
11663563779
-2458497300
-4270142898
-32995304028
-1621825018
-12582937805
-6742618584
-31215927682
-19884275637
-9139971180
-8824734643
3463652275
15920279104
23378387838
-1502429041
10337693338
5215320828
-21425243777
1249409589
-10474626487
4161068893
-24455775472
4457923596
-7438716565
-3062346090
-2524197933
2820124103
761913723
2086543575
-3285238345
-13269653642
-2159574320
13154009004
1040379869
9525627678
7008045385
673267613
-17850235438
-1213115489
7737255052
-21096169249
6194011401
5991162843
9832079424
12706836042
2659722009
-30462769496
-1786553051
-11102594532
-1911703060
-1936635274
-17156490198
3952187878
-2336047226
13620639291
-2548913245
-6071979
-21344541662
-444947884
598764008
4798275047
9327991281
-2150129647
-25367133452
-4279570783
-12975915166
10083977634
-25003917833
-2016083505
-1993414314
4134103583
6358299024
6983358138
-6316497161
-2391696794
-9100621960
1763758416
9833594697
-19677776916
-5268162187
-511796254
20561570677
-2594787245
2433410710
-12229181023
-11014344921
-10935595339
14806885845
-2462041216
-191723727
3971240629
-682579176
-2881467109
7525776801
2127442055
-13491353154
19104696301
1858856598
2935855122
4623159983
-4134755127
-30775068032
-2611147081
-13609352257
12826217075
-2292467586
3532996446
-25515940117
-1755112723
-2842573330
7242920119
82917663
16021647572
7051959439
6278030196
2327010856
4768328548
-1311025726
-6384917762
-3072593900
-7696944604
1399151730
-2702021327
-5957543394
167695724
-8172729997
1273448604
-22817488992
5367090693
-5152266260
-6420942304
-13933249445
-6123881450
-4066028031
1564892425
-458240430
-4130362879
1692057691
-4178722884
-4571929376
-6917681795
6487831837
9733028700
-8103892301
-11187799109
-36116522944
-3376154968
-2264141870
-40211726021
-5186141092
-26524570157
7800114417
-11786137658
-3323389507
-1605341708
-1989335289
-41344507885
-5692087032
-17784641
4863922624
-28855246885
-355088515
735488635
243341552
-831089626
3117625370
7418821172
19812836347
2989095144
-286861586
-9252496459
7962000147
-14376875124
3787687787
3068489544
180524811
-5039230625
6050510302
25060952661
-836907908
-518232805
-4800293299
-14666410187
7320703200
-11207591695
332873287
-11758219609
-7426139319
14027572939
13189475357
-998615457
-12742178522
905196437
-2912647399
1485533928
-4643114136
5491004669
1766187641
-8055019138
-17964345702
4747982574
-24358779026
928008264
4823315519
-1555071845
1944860994
933194616
-13858308819
3281968060
4417129718
-1177912366
-170601801
5977210543
-2992444707
-6324215865
-2740933433
-6847325438
6482870667
-3572009617
-3201244082
-369062157
8172517278
3553653382
2984937372
400064065
9474545412
-11161483779
-1127057651
5076926524
-4727974358
3488208677
1987381731
-2121385939
-7666352926
12566813014
6034684649
-27308568460
-24526883046
-11826837553
-12359925822
390887762
3626646077
-3051086050
-282484360
-9835022472
-2786965280
-1449027635
-5741863881
2725785517
2659615562
4394705023
-18809550175
-227771380
-12636642415
-10822673973
4909572937
-16263876943
11665444218
-23783449044
-15369954459
4502190197
-6449982467
10506517008
-12623010064
-13340488375
-24335424769
-3686435059
-4845302234
-39603414977
8704863376
4291178795
-6518749045
4553376389
-1777961208
-211838477
1161366616
-3286366750
-2207927854
-12173805252
-3635612401
-2242293538
1530926960
-750919132
-1640388824
-1037326585
-274637809
1374983024
6286841647
-12051195452
-1184512651
-18628279733
-731573501
-41346671
7751619630
11598502362
-1305019346
3641573168
11922629100
-11050550848
4340986862
9157253515
6734365066
-24719237931
-12665328779
-4757634692
11032418812
10666054082
7909963584
-7931670719
-3852377651
8576929519
-30364822155
-2587138439
-15076952006
-21798991554
-5943595045
6818736265
-6969989189
8701948780
2329964303
1383685913
249320238
-5799323678
-1443363860
-2401764019
332702760
-3243296838
-9967133717
-36650413373
2060447134
-20323747548
-32732998141
-24618453767
-25741027146
1041919470
4432757180
-8844125742
13633703950
1614895626
-6816791700
-1785283883
-5670704043
-2621480849
-2489070002
-2010457107
-13386758925
2874294965
-9375674397
-7782806862
-2168996430
4251522323
10705192436
-10753100125
869625989
3220039408
6843999691
2360472779
-4890408773
-2062972033
1018610018
5634231318
-12264676553
4135982259
-3343623122
-1456944010
-13859588253
168066351
3135419421
-15665874629
1541846411
4396388562
9213745449
-12714092887
6448966046
-9711516665
-8924247787
-17396053447
13373026815
-8643906010
796176631
-41673186790
-6421406217
-3163649532
-36887925951
-10954882365
703306020
-5224779771
-1368779989
-350624395
-15837196723
429530609
-2987433694
-4176931207
-925325972
32151326
2888159335
4316841213
-9468773215
-11080729612
-737541812
-874124300
-3332022414
4291438281
-5057760459
-10484047974
-5603413983
-10855422856
-1057592209
-22925626274
11159808829
15055315109
-42796647615
-12579005782
45562875
-4256427670
-7635378096
439532163
4621822525
-2433437656
996112369
-13143042006
3472681903
6159278234
17849658883
-20105162794
-33636414376
2131630170
3791496771
-2747997442
-39521223465
-3952905050
-18899173194
-3773097489
-5413938611
-397514511
7627688669
-4887316827
12466074821
-9545131244
-15636336348
-17420551897
-17059519
-4078669447
5184305210
3345052220
-8967791196
7386848834
-6315981379
-3980694815
5137968348
-493975988
-2155243618
10067538759
2469223356
3514668690
-15216479328
-6002053472
786856265
3498734985
-981908956
-7756492090
1777990129
4867851072
-4046593394
-1055097645
2858639120
-2299092379
322217269
5312855156
-15592964750
3933735374
-4507959635
2026683856
-6319830050
-2099728593
16142338242
-243795445
665189943
-4830682932
-3306223994
-1031692979
-798171141
-1778747964
8639620724
-998132476
1679657852
-2365821017
-13339187257
9689611099
6999918998
-1945934372
-7385936084
-3151812376
2502533427
-3529147516
-939030855
-3585024609
23412691240
-3215966060
-2247838643
5715133330
-7338303699
-1891905772
3415773144
-8119518185
2212253328
-5217148907
-12955374330
-2159098265
-7603877531
1249003969
1027846597
-17817258426
-10052084618
2116368922
-6022544048
-4049042071
-9809619150
5944231739
-3050232820
-5745592563
-28373735838
-1256216255
-4090434095
5226339904
-5802021340
2413563001
3076327150
1323909177
-1753252923
-2472286791
2373431122
-9046778724
1437981921
-7789541786
5147435095
-1828116290
5586172036
-5202802499
-8483061207
-22266082871
-1296285580
1965355017
1310750214
7566699407
1987306852
-1195558991
4708597979
-2726984583
-2259572607
-4915885795
322439426
4512222926
-1859665017
1582577387
6961027931
6654309874
-5046041642
-2964766388
