103535792952
-33495673436
-58636578546
-31792429068
-14954596036
26480430871
17033822885
-1189606982
8337167073
32694689429
-31956001155
-11874763424
30005993627
53962401595
10523674516
103156147176
47880008316
-16696234200
114131775927
-24626622925
18835952848
10039507865
-41889782607
-33064664905
83327255778
23176936527
14998225382
58650574078
64123412539
-114585101617
-32557320716
-21904174248
-34410588783
-23640178321
55647878938
-3211750453
33727091749
130738156957
54406122855
82340459510
82562566384
27105081350
60819477573
119639036465
7705749660
-26380016367
27896952308
7134433502
-32668764853
-2864468939
-17522132396
-28677326503
5116914565
-89204545001
11548061343
16428187581
63961389671
105181380192
-22828062760
-10989001036
-35251095709
54377527829
-10563916013
34938753776
148723291486
-20724523461
33218584424
-27069593543
59382797015
41047031139
-14062085964
210396764587
-27346585826
4649476508
58674611983
24001893601
34676297320
41520877371
20941632716
-96628428762
-1678333747
30086926038
3768980545
9083045275
32026880190
85527019315
226416106902
54864609034
-2365217235
15989731786
7706787378
57683540851
-15588157585
121824650416
27872066458
844716450
-3239843102
42038952614
81577001996
10524005614
2525753255
-22351444568
10397201814
18183646577
-626275185
-27904663602
37607032841
-6742096174
56595971991
30116749885
-15659081898
-17787347773
50536861033
29871646925
-79135269449
-18824527752
6592328685
58702324082
-23736553245
27951731806
50355789291
-23001542083
84173232058
7873644354
53166843257
-25037222938
-11742535116
11800093317
-87494714764
-24513784908
-46814423188
-42111244307
6075555521
-776887180
-6323865326
4958107767
50683455676
-15211656967
