-13559398062
-19194147315
-14043545124
-83890170320
-14311820392
1294389780
-24468615544
12999465574
-47204190636
18137327495
-40616269039
25359377010
18788482757
-1400131437
-40977415694
-4213683689
21037021111
-2065173516
-35406694178
-70219763432
-1366172906
-3966051763
20416767331
-60009183845
-12693153844
-48866056995
-99915454573
-6015749720
-48302778542
-5568982009
-135278471736
792069565
-18627544892
-7489817227
-1554798760
2171829487
26028643189
-27087518432
-11922247166
28119330887
-41026159738
-22848508109
-53890588981
-17665002722
-81444773754
1245308557
-75509318615
-46326023668
-37102544147
-17101973113
7745142923
-4602227545
4598692512
884889841
-26134519695
-8018690966
26891257068
-68766449424
9034721784
27776938647
-8544370965
-8336349092
-5344385543
-3827946830
-10388913533
-45687798454
4506060648
-18550770610
-31825509761
-19408109109
20736385613
-33415357634
-31326662429
25666756583
-22822717944
-5829819958
-55186830150
16161339572
-21501568546
-43574563689
-9931246186
5183575550
-11425738425
4032108020
12818099533
-6555418929
6599939426
-77099775424
-15541250687
-36592355006
-1771432839
-54295684251
-4062473546
-15535293919
3458647440
-1938519706
-59930073073
-8733727621
-1040647688
-10959917709
2473954562
-42618279912
-151063081
16254297988
-44025625638
6134042779
-77560562507
-33579587685
462135111
-1828305639
-83394600988
-26034978189
4683158763
-14259186879
-43216583469
-27822517420
-7035660633
10001043576
17083586190
-23782026400
-18384520526
-20751873073
-532028617
1478276599
-22855248548
-75969129721
8094976566
-11771242376
29221193929
-44897544856
-9562585881
-50138734835
13324689769
14620904242
601329407
-26385864374
-4522987713
-46409676939
61853581562
-8088128740
-16069989502
23601124427
2371636820
-62164947725
-3931864458
-15100410834
25615508747
19311278483
14597133360
28192223522
-3329165829
-49293332388
12217572130
-17251671632
-36438571579
-62213662431
37308702455
1221306754
7895637386
17032270330
-8520571562
-13486730766
-57900202023
-63211810441
-68476745664
-45407946157
-15124022118
138030367
5106754032
-37716871282
-31253403165
2177687758
-31008380745
24421817932
-22177406336
-11119488787
-12569235302
8278619253
16206110258
6452750977
-12956417386
3860995312
4219405720
-47848728105
19793466305
-107144250680
-23208597887
9223454866
30449046354
-17147377208
20234419077
4148095346
10892331623
-20659776722
12815139459
-9045261216
-38804401265
-11982284136
-5373123176
7487962622
-4921865712
27365462403
-10325946504
-15276307115
-2585622578
-2479730501
10507987055
-12828504062
-8325102520
-53678045304
-6115435016
25098866420
44544984678
-11417544790
3760267744
-2296150789
-5159785888
-74659494906
-41478822274
-23719417568
-77818136539
23243493691
-90805854761
-23612524961
-2264570363
-30908577371
-51187895817
-15084525722
-1149080980
-67422485258
-40392102498
5720633928
53274696234
-7030837070
-1977898695
-680011467
-12898466361
-52088271700
-75833529549
-6342897704
-975713484
4640684029
-5924535806
31312968136
24060069250
5295011243
-5668342450
17356276337
-30456631877
-14701678021
20403943932
-68606833711
-48631109244
14179896018
-23647903517
-22341175354
-25262449985
3798669303
-29595549534
-4673494799
-47247799923
39256535283
-3583952182
2518556851
12329974270
10201293338
8460338747
-16545490358
26221089616
-47547692683
-69798092775
-1164913847
-13168416718
29526369366
-21618910083
19858541689
-52744249304
-10481781148
-5955717257
25622732076
-35034552873
-4467757861
-11667233097
3323599063
5969133793
-4904775718
7277735716
-31079131301
22187258847
-12865447558
-48058656494
9320425683
25760662522
-25317034120
20351849640
-21268567272
-61837843220
-6983516925
-7655695320
5466315058
-18574431125
-55789739052
5495684509
53066244187
-10173806893
-17239213400
-3104053452
-29793021178
-19527294311
-10274538841
21079546227
-27431879859
31674953708
-4681957969
6313546313
33217403235
15255649353
39482049541
-4099700982
-35408059971
1448652089
-24105795950
10639989021
11651689662
-36190031498
51264113404
-6032857754
-35587154133
70126260
-12852749475
-16031062831
-68859183326
5666237953
-25522013582
26466377881
-35249352703
9588140135
7796702911
10856373354
14460857892
-7043061617
-26230054483
-7188545150
11745057550
-66255161174
6906974119
-7710620047
16596315925
9899605746
-16318098577
-2921329478
-46087261020
-111765657516
-292334640
-45268607870
-38109102521
4812688365
27241524696
-7412608058
-5971807046
23241875742
-27668817203
-8744592510
-4604915056
-24827677539
-18929331266
-64942328507
-7424080187
-5172681089
21444821547
-15617505209
14379168063
-23362104645
-70098653444
-30409929690
33123645211
-60375770196
15463037961
-29732944358
21755000051
-73918933307
-46091343349
1749471141
-39234892262
2676534000
-3400142783
17770116313
-622928534
1611997038
-11349252048
-19670674748
10577257825
-25001289425
-104339734
-53129780458
-19079363298
24578013264
383843391
-4323771215
-14727369837
-26197838504
-1476327064
-6345001873
2650306866
-43012070894
-8290138023
-46726024407
-49011652155
47416007734
48219226009
13592529562
-18291172050
-1529086302
15467972576
-19663802634
263456362
-30576999125
4786343310
-2835279695
23616010645
-34946628848
-2758520144
28193494162
9354554337
-40719885914
-9267681260
6881165788
-87174371
3683032530
-4669738024
-64449935086
-38263207565
-41974028805
-31245912932
-1064095678
-21913113980
-6217278741
-10882079065
-23587035071
5734621353
-398940477
-11977863949
42681630092
-820465889
-5688521613
9055280402
-16052714771
2559942254
-1612347838
22073304656
-66647176216
-44893260407
11415452732
-27306989520
-169186125
10941714756
-29068193121
-17195649380
21409088401
18299115907
-46197228458
-11647162475
-33630126463
3469195559
-2879047141
12332589502
14538890490
-9034015026
20580902759
13442495040
-2504692609
45739415430
-1919307255
11267980057
4441164729
-30051836265
-53231290151
-75158594658
14885451532
-15899382664
3018931336
-16191318110
-15151375647
17942827208
25558065337
10392466636
-11918455842
-25871202170
-11930419498
1781520360
4943483799
-17358748091
-11026157909
11204981777
-38933666485
-19505721517
6432046459
-161994534116
7857678082
12125904344
31476445008
-74283483140
-9395711737
58835503373
3904200876
-10944655084
5815216409
18660319513
-13635798512
-26304551090
13908415831
-57432933570
-73810963
12844195265
-10749728637
16682839586
-19422151104
-7718958818
-1143023001
-26059558520
-13085750324
-55443402599
14408748411
4942110091
-60960113074
4635845647
6569505344
15767695007
-37990127334
4215329977
-23568798506
24181516471
21644573291
18397063386
2340134491
-20350354611
880169066
-24209664195
-5330552917
-1488742370
-55375749965
-10752394665
4749698752
32742361839
12421444267
-12840091747
-35688020603
-8089534554
-44503186932
-19056464562
-6332374030
-70103050398
-5040661623
-45314974849
-37471070504
-25402732566
25130532344
-25437586554
1162830708
-27200474997
-8717481912
-26288866476
8313105847
14274804209
-25426098563
22709989105
8990188065
6603169775
-44729550401
-26116684589
-18421540685
4636568733
11387176150
-24035307943
-88446497324
-18391042138
29006681542
-74403762771
-749813424
-32172484622
20795503753
-8826491095
29831781292
18578488253
13401590439
-2125187859
14224457358
-21899557265
-20795299456
-983379068
18303756728
-35673082221
10885408508
-52851031736
-32828815971
-5473758899
-19815239259
-22523217246
17026789789
9844442454
-29899045031
-4879487137
11782053554
12346178091
6018201796
-63353388702
-7949679677
16354730178
-86738848768
-31935607605
-6940101670
-20333900439
-1560011553
16672647433
6652730111
2175227779
20407125185
-1011183679
-42568509349
-50887360364
43271258170
-10018002297
915790146
17335054225
-66682444579
-20079820009
-3472593371
-47405339800
15165830507
-24118601619
-4122007636
-4085233286
-28059874735
-5383261190
-105622819108
-6575676556
15596834589
-61348674219
-14700950771
-1393547776
16529002223
8576015652
4098310521
40837273816
-43420936208
-31562028943
-34704170712
4347476498
-20754515471
-41682483192
-21371916761
-3771537208
-49543086167
-73319753443
37093506325
14581614711
36525700809
1048605851
-35826748787
-21737831653
-494010658
10236549584
-67515838545
-2995170455
2112986087
473321834
6607999631
-7474415498
-9160853746
11076626671
1642199124
