45436 45436 45437
205110 205110 205111
78154 78154 78155
311071 311072 311072
105528 105529 105530
56091 56092 56093
310001 310002 310002
298014 298015 298015
100322 100323 100324
153267 153268 153268
304192 304192 304193
106719 106720 106720
LN
103629 103630 103631
38287 38288 38288
264429 264430 264430
125663 125664 125664
LN
261476 261476 261477
125200 125201 125201
287100 287101 287101
198919 198920 198920
191690 191691 191691
154383 154383 154384
LN
95816 95817 95817
317668 317669 317669
LN
LN
LN
234546 234546 234547
291023 291024 291024
323584 323584 323585
21899 21900 21901
50057 50058 50058
330895 330895 330896
268485 268486 268486
LN
188962 188963 188963
271514 271514 271515
50655 50655 50656
46921 46922 46923
LN
38724 38725 38726
LN
324016 324016 324017
37268 37268 37269
LN
LN
244224 244224 244225
245228 245229 245229
LN
117279 117280 117280
185253 185254 185254
LN
99927 99928 99928
221830 221831 221831
193450 193450 193451
248480 248480 248481
208409 208410 208410
LN
LN
LN
108177 108178 108178
LN
121749 121750 121750
51288 51289 51289
65541 65542 65543
LN
50710 50711 50711
LN
211249 211249 211250
LN
206284 206285 206285
88338 88338 88339
310285 310285 310286
120721 120722 120722
122719 122719 122720
108664 108665 108666
282632 282633 282633
262281 262281 262282
LN
58891 58891 58892
LN
LN
292506 292506 292507
226407 226407 226408
221797 221797 221798
86925 86926 86926
311669 311670 311670
LN
260872 260872 260873
140447 140448 140448
46442 46443 46444
271672 271673 271673
LN
235285 235285 235286
155402 155402 155403
213114 213115 213115
120267 120267 120268
