-197239 -197239 -197240
275585 275586 275586
LN
LN
-111255 -111256 -111256
289395 289396 289396
-81120 -81120 -81121
195094 195095 195095
LN
-153817 -153818 -153818
-314127 -314128 -314128
LN
-57915 -57915 -57916
37084 37085 37086
-110383 -110384 -110385
-161963 -161964 -161964
302401 302402 302402
7547 7548 7548
8582 8582 8583
318439 318440 318440
214062 214062 214063
LN
155973 155973 155974
-184613 -184613 -184614
LN
LN
-111251 -111252 -111252
LN
296765 296765 296766
-226041 -226042 -226042
168197 168197 168198
-200962 -200963 -200963
-68248 -68249 -68249
LN
-47817 -47818 -47819
330016 330017 330017
-294392 -294393 -294393
103141 103142 103143
-94374 -94375 -94376
-288460 -288460 -288461
-113916 -113917 -113917
129891 129891 129892
LN
-84291 -84291 -84292
-117791 -117791 -117792
320903 320904 320904
-68412 -68413 -68414
152935 152936 152936
LN
-44353 -44353 -44354
104964 104965 104965
LN
83991 83992 83992
246947 246947 246948
-228299 -228300 -228300
-60845 -60845 -60846
321254 321255 321255
148545 148545 148546
46683 46684 46685
-147659 -147660 -147660
-28049 -28049 -28050
61495 61496 61497
-46269 -46270 -46271
LN
LN
-208496 -208496 -208497
LN
321315 321315 321316
295409 295410 295410
-44432 -44433 -44433
265927 265928 265928
105031 105032 105032
146768 146768 146769
8222 8222 8223
-87011 -87012 -87012
147206 147206 147207
-145035 -145036 -145036
LN
LN
67536 67537 67538
330814 330814 330815
-208108 -208108 -208109
145173 145173 145174
-151380 -151381 -151381
LN
64004 64004 64005
18452 18453 18454
-148772 -148772 -148773
LN
-99886 -99887 -99887
-82177 -82178 -82179
-90876 -90877 -90877
95840 95841 95841
LN
LN
-323088 -323089 -323089
-133876 -133876 -133877
LN
LN
234317 234318 234318
