40643 40644 40644
327592 327592 327593
96948 96949 96949
-150181 -150182 -150182
-226730 -226730 -226731
332963 332964 332964
163194 163195 163195
LN
67050 67050 67051
93372 93372 93373
169 170 170
107806 107806 107807
-316542 -316542 -316543
LN
70465 70465 70466
LN
-294243 -294243 -294244
-168387 -168387 -168388
-220767 -220767 -220768
84099 84100 84101
124800 124801 124801
-98136 -98137 -98137
275773 275773 275774
LN
-313827 -313827 -313828
23412 23413 23414
175080 175080 175081
-44270 -44271 -44271
-51327 -51328 -51328
-327005 -327006 -327006
-27561 -27562 -27562
17393 17394 17395
-87521 -87521 -87522
-177719 -177720 -177720
-232074 -232075 -232075
265392 265393 265393
-122176 -122176 -122177
-106676 -106677 -106677
-103055 -103056 -103056
-292087 -292088 -292088
192823 192824 192824
LN
37612 37612 37613
LN
-105132 -105133 -105134
-332237 -332238 -332238
-36792 -36793 -36794
214432 214432 214433
LN
-103099 -103100 -103100
83641 83641 83642
132263 132264 132264
LN
8769 8770 8770
-286459 -286459 -286460
-293587 -293588 -293588
216203 216203 216204
LN
144458 144458 144459
-262560 -262561 -262561
-17870 -17871 -17872
156255 156255 156256
24113 24114 24115
178116 178117 178117
-34325 -34326 -34327
84725 84726 84727
LN
-40315 -40316 -40317
63438 63438 63439
LN
28572 28573 28573
LN
242932 242932 242933
-326772 -326773 -326773
LN
LN
LN
54940 54940 54941
76172 76172 76173
137016 137017 137017
-111401 -111402 -111402
-50707 -50707 -50708
LN
10019 10019 10020
LN
165416 165416 165417
48361 48362 48363
-179881 -179881 -179882
283934 283934 283935
24814 24815 24816
LN
332099 332100 332100
LN
172178 172179 172179
55198 55198 55199
34630 34630 34631
89236 89236 89237
-29125 -29125 -29126
-58274 -58275 -58275
-201535 -201535 -201536
