LN
198917 198918 198918
36413 36413 36414
LN
153862 153862 153863
184390 184390 184391
77221 77222 77222
280629 280630 280630
LN
301486 301487 301487
291682 291682 291683
15474 15475 15476
44373 44374 44374
236209 236210 236210
306261 306261 306262
254625 254626 254626
278497 278498 278498
279826 279827 279827
37535 37535 37536
62480 62480 62481
LN
LN
145262 145262 145263
158866 158866 158867
210367 210368 210368
257879 257880 257880
39053 39054 39054
LN
198469 198469 198470
133751 133751 133752
62655 62656 62656
73126 73127 73128
LN
LN
LN
184119 184120 184120
LN
LN
93486 93487 93488
70455 70456 70457
91157 91158 91158
167955 167955 167956
118295 118295 118296
LN
288272 288273 288273
216150 216150 216151
119804 119805 119805
327141 327141 327142
LN
190707 190708 190708
329790 329790 329791
65919 65920 65921
LN
133438 133439 133439
49819 49819 49820
279195 279196 279196
164652 164652 164653
44268 44268 44269
244826 244827 244827
12785 12786 12787
322636 322637 322637
LN
95214 95215 95215
330939 330940 330940
157682 157683 157683
188948 188948 188949
17792 17793 17794
95635 95636 95636
85679 85680 85680
LN
139376 139376 139377
251940 251941 251941
278232 278233 278233
155148 155148 155149
254201 254201 254202
109929 109929 109930
LN
24426 24427 24428
123071 123072 123072
50343 50344 50345
287750 287750 287751
LN
59952 59953 59953
223045 223045 223046
LN
286321 286321 286322
83380 83380 83381
LN
64481 64482 64483
326742 326743 326743
205922 205922 205923
LN
292778 292778 292779
LN
260022 260022 260023
187008 187009 187009
280045 280046 280046
209564 209564 209565
LN
LN
