309663 309663 309664
316405 316405 316406
LN
LN
LN
308160 308161 308161
LN
327908 327908 327909
LN
320201 320201 320202
323815 323815 323816
LN
LN
317499 317499 317500
327379 327379 327380
316220 316221 316221
311781 311781 311782
LN
316787 316788 316788
311845 311846 311846
LN
322166 322166 322167
329323 329324 329324
315809 315810 315810
101316 101317 101318
LN
318409 318409 318410
322423 322424 322424
109127 109128 109129
302846 302846 302847
320688 320688 320689
LN
313234 313235 313235
317791 317791 317792
109593 109594 109595
314584 314585 314585
103073 103074 103075
313224 313224 313225
329601 329602 329602
LN
101807 101808 101809
314221 314222 314222
306561 306562 306562
318929 318930 318930
310778 310778 310779
102618 102619 102620
331505 331505 331506
310539 310539 310540
LN
320260 320260 320261
325978 325979 325979
313863 313863 313864
LN
312682 312682 312683
100761 100762 100763
325329 325329 325330
305007 305008 305008
326769 326769 326770
307055 307055 307056
307731 307731 307732
110812 110813 110814
LN
321883 321884 321884
320301 320302 320302
302703 302703 302704
328547 328547 328548
309157 309158 309158
314243 314243 314244
306969 306970 306970
LN
308783 308784 308784
325294 325294 325295
LN
LN
329657 329657 329658
308293 308294 308294
318050 318051 318051
316758 316758 316759
333077 333077 333078
330497 330497 330498
307589 307590 307590
324600 324601 324601
333221 333221 333222
304804 304805 304805
323733 323733 323734
307088 307088 307089
332781 332781 332782
