202165 202165 202166
LN
LN
LN
47108 47109 47110
180249 180250 180250
-325917 -325917 -325918
223598 223599 223599
-115819 -115820 -115820
LN
216563 216564 216564
LN
-181559 -181560 -181560
75629 75629 75630
111640 111641 111641
LN
261450 261451 261451
59741 59741 59742
148739 148740 148740
LN
-43269 -43269 -43270
-329846 -329847 -329847
-59786 -59787 -59787
271569 271570 271570
LN
LN
63872 63873 63873
290225 290226 290226
260322 260322 260323
33376 33376 33377
94981 94981 94982
251765 251766 251766
-214285 -214286 -214286
15073 15074 15075
LN
-92433 -92434 -92435
-245819 -245820 -245820
292663 292664 292664
LN
LN
-99030 -99030 -99031
308463 308463 308464
86513 86513 86514
-179497 -179497 -179498
-266755 -266756 -266756
170931 170932 170932
-153970 -153970 -153971
56183 56183 56184
59459 59459 59460
259587 259587 259588
39779 39780 39781
-215313 -215313 -215314
LN
16953 16953 16954
-35679 -35679 -35680
-144997 -144997 -144998
-51653 -51654 -51654
LN
39319 39320 39321
LN
-297494 -297495 -297495
48782 48782 48783
LN
LN
-159041 -159042 -159042
19437 19437 19438
193713 193714 193714
-213459 -213459 -213460
31832 31833 31833
-63085 -63086 -63087
-324704 -324704 -324705
-21740 -21741 -21741
LN
118549 118549 118550
52565 52566 52566
84454 84455 84455
-162491 -162491 -162492
6445 6446 6446
-100788 -100789 -100789
-102238 -102239 -102239
LN
LN
-22666 -22666 -22667
73417 73417 73418
LN
-108998 -108998 -108999
LN
-58359 -58360 -58360
15771 15771 15772
254312 254312 254313
LN
-98891 -98892 -98892
LN
198321 198322 198322
LN
-254804 -254805 -254805
