LN
323361 323361 323362
LN
329321 329321 329322
333188 333188 333189
105136 105137 105138
101654 101655 101656
326399 326400 326400
LN
310341 310342 310342
300339 300340 300340
319180 319180 319181
300785 300786 300786
LN
301498 301499 301499
312342 312343 312343
320104 320105 320105
LN
307302 307303 307303
332205 332206 332206
106106 106107 106108
107049 107050 107051
324679 324680 324680
LN
324046 324047 324047
301691 301691 301692
315191 315191 315192
308489 308490 308490
328963 328964 328964
322553 322553 322554
LN
322560 322560 322561
