-315301 -315302 -315302
-330500 -330500 -330501
-332257 -332258 -332258
-322682 -322682 -322683
LN
LN
-320276 -320276 -320277
-325037 -325037 -325038
-301379 -301380 -301380
-303318 -303319 -303319
LN
-324207 -324208 -324208
-109817 -109818 -109819
-310387 -310388 -310388
-324636 -324636 -324637
LN
-308852 -308852 -308853
-328049 -328049 -328050
LN
-304829 -304829 -304830
-300327 -300328 -300328
-329995 -329995 -329996
-109065 -109066 -109067
-315340 -315341 -315341
-312873 -312874 -312874
LN
LN
LN
-302085 -302086 -302086
-325870 -325871 -325871
LN
LN
-303821 -303822 -303822
-109228 -109229 -109230
-327506 -327507 -327507
-311160 -311161 -311161
-328670 -328671 -328671
LN
-320737 -320738 -320738
-301006 -301006 -301007
-307460 -307461 -307461
-326723 -326723 -326724
-324538 -324538 -324539
-326095 -326095 -326096
-319023 -319024 -319024
-107285 -107286 -107287
-302116 -302116 -302117
-100742 -100743 -100744
-330007 -330007 -330008
-330306 -330306 -330307
-312917 -312918 -312918
-326829 -326829 -326830
-324262 -324262 -324263
LN
LN
LN
-314081 -314081 -314082
-109253 -109254 -109255
-314477 -314477 -314478
-323025 -323026 -323026
-328075 -328076 -328076
-312832 -312833 -312833
-300672 -300673 -300673
-325963 -325963 -325964
-323954 -323955 -323955
-310387 -310387 -310388
-300384 -300385 -300385
-332197 -332197 -332198
-317320 -317321 -317321
-316146 -316146 -316147
LN
-309297 -309298 -309298
-100578 -100579 -100580
-312074 -312074 -312075
-315557 -315558 -315558
LN
-316841 -316841 -316842
-319088 -319088 -319089
-311808 -311809 -311809
-100926 -100927 -100928
-320098 -320098 -320099
-323556 -323557 -323557
-109138 -109139 -109140
-316206 -316207 -316207
-102803 -102804 -102805
LN
-327641 -327642 -327642
-303684 -303685 -303685
-332745 -332746 -332746
LN
-101428 -101429 -101430
-303948 -303948 -303949
-327502 -327503 -327503
-108225 -108226 -108227
-304854 -304854 -304855
LN
-326038 -326039 -326039
LN
-315685 -315685 -315686
LN
