-330522 -330523 -330523
-326064 -326065 -326065
LN
LN
-101043 -101044 -101045
-308856 -308857 -308857
-314558 -314558 -314559
-324225 -324226 -324226
-318196 -318196 -318197
-331454 -331454 -331455
LN
-301223 -301224 -301224
LN
-303813 -303813 -303814
-320571 -320571 -320572
-325027 -325027 -325028
-318691 -318691 -318692
LN
-328722 -328723 -328723
-326075 -326075 -326076
-109141 -109142 -109143
-318781 -318782 -318782
-310567 -310568 -310568
-103257 -103258 -103259
-301126 -301126 -301127
-324850 -324851 -324851
-312418 -312419 -312419
-311557 -311558 -311558
-318129 -318130 -318130
LN
-315614 -315615 -315615
LN
-331743 -331744 -331744
-103395 -103396 -103397
-312677 -312677 -312678
LN
-108649 -108650 -108651
LN
LN
-323472 -323472 -323473
-304892 -304892 -304893
-316476 -316477 -316477
LN
LN
LN
-307390 -307391 -307391
LN
-320293 -320294 -320294
-100346 -100347 -100348
-309580 -309581 -309581
-110631 -110632 -110633
-313396 -313396 -313397
-330970 -330971 -330971
-302843 -302844 -302844
-324907 -324907 -324908
LN
-326653 -326653 -326654
-106546 -106547 -106548
-101933 -101934 -101935
-319170 -319171 -319171
LN
-307187 -307187 -307188
-332529 -332530 -332530
-312905 -312905 -312906
-327974 -327975 -327975
-330957 -330957 -330958
-322681 -322682 -322682
-307183 -307184 -307184
-326060 -326060 -326061
LN
-315329 -315329 -315330
-301907 -301908 -301908
-327804 -327804 -327805
-327812 -327813 -327813
-303807 -303808 -303808
LN
-303038 -303039 -303039
-313437 -313437 -313438
-302891 -302892 -302892
-106444 -106445 -106446
-105131 -105132 -105133
LN
-313907 -313908 -313908
-325992 -325992 -325993
LN
LN
LN
-316174 -316174 -316175
LN
LN
-302677 -302678 -302678
LN
-311881 -311881 -311882
LN
LN
-302679 -302679 -302680
-325979 -325979 -325980
-320146 -320146 -320147
LN
-303485 -303486 -303486
