LN
91066 91066 91067
195849 195850 195850
LN
224398 224398 224399
LN
50000 50000 50001
327796 327797 327797
109672 109672 109673
168934 168934 168935
136869 136869 136870
153051 153051 153052
52005 52006 52006
261460 261460 261461
239168 239168 239169
230024 230025 230025
213380 213380 213381
76222 76223 76223
LN
LN
269123 269124 269124
71031 71032 71032
134673 134674 134674
LN
25820 25821 25822
LN
29461 29462 29463
195574 195575 195575
127783 127784 127784
270675 270676 270676
72342 72342 72343
LN
LN
328026 328027 328027
267635 267636 267636
LN
117668 117668 117669
LN
102835 102836 102836
230050 230051 230051
224655 224656 224656
81500 81500 81501
247397 247397 247398
72837 72837 72838
302322 302322 302323
LN
275092 275093 275093
214528 214529 214529
45235 45235 45236
76416 76417 76418
195609 195610 195610
180392 180392 180393
183840 183840 183841
LN
301849 301849 301850
138613 138613 138614
199548 199549 199549
332331 332331 332332
255318 255319 255319
LN
60688 60688 60689
205548 205548 205549
184163 184164 184164
304450 304450 304451
65875 65876 65876
291192 291192 291193
63632 63632 63633
155792 155792 155793
324529 324529 324530
76632 76633 76633
72843 72843 72844
182967 182967 182968
306885 306886 306886
290467 290467 290468
LN
36910 36911 36911
LN
217429 217429 217430
156461 156462 156462
138479 138479 138480
129231 129231 129232
294327 294328 294328
280295 280296 280296
LN
29982 29983 29984
221908 221908 221909
304518 304519 304519
128735 128736 128736
285846 285847 285847
108994 108995 108996
311608 311608 311609
198974 198974 198975
56160 56161 56162
258275 258275 258276
330149 330150 330150
47515 47516 47517
47276 47277 47277
274703 274703 274704
LN
81347 81348 81349
