34725 34726 34727
201039 201040 201040
323274 323274 323275
LN
243699 243699 243700
LN
224669 224670 224670
248017 248017 248018
275578 275578 275579
61691 61692 61693
36205 36206 36206
243681 243682 243682
280587 280587 280588
261437 261438 261438
111125 111126 111126
LN
330968 330969 330969
68493 68494 68494
311407 311407 311408
212171 212172 212172
55772 55772 55773
182186 182187 182187
312970 312970 312971
48094 48095 48096
LN
67655 67656 67657
242022 242023 242023
LN
53613 53613 53614
104874 104875 104876
284630 284630 284631
163742 163743 163743
264278 264279 264279
LN
325632 325633 325633
LN
96970 96971 96971
150329 150330 150330
232461 232461 232462
44518 44519 44520
LN
183054 183054 183055
LN
73923 73923 73924
LN
206709 206710 206710
LN
308458 308459 308459
243565 243565 243566
76909 76910 76910
54370 54371 54372
LN
185656 185656 185657
LN
329922 329922 329923
LN
133439 133440 133440
50267 50267 50268
57312 57313 57313
83566 83567 83567
178640 178641 178641
39743 39743 39744
238321 238322 238322
LN
193425 193426 193426
LN
185185 185185 185186
30812 30813 30814
304241 304242 304242
78715 78716 78716
295499 295500 295500
156245 156246 156246
218483 218483 218484
LN
246653 246654 246654
317142 317143 317143
288686 288687 288687
57383 57384 57384
69291 69292 69292
LN
319475 319475 319476
211488 211489 211489
LN
LN
117349 117350 117350
329968 329969 329969
LN
59104 59105 59105
53705 53706 53706
186568 186569 186569
246279 246280 246280
LN
139989 139989 139990
LN
137171 137171 137172
LN
227277 227277 227278
48160 48161 48161
119031 119032 119032
155990 155990 155991
