305019 305020 305020
318001 318001 318002
103715 103716 103717
307152 307152 307153
316179 316179 316180
329917 329917 329918
331287 331287 331288
330565 330566 330566
LN
324049 324049 324050
106667 106668 106669
307416 307417 307417
312835 312836 312836
LN
308902 308903 308903
302820 302820 302821
331278 331278 331279
325038 325038 325039
323758 323759 323759
326429 326430 326430
LN
319300 319300 319301
303230 303230 303231
LN
300834 300834 300835
103629 103630 103631
312792 312793 312793
332650 332650 332651
105240 105241 105242
312707 312707 312708
106928 106929 106930
LN
329086 329087 329087
301243 301243 301244
302651 302652 302652
319088 319089 319089
311621 311622 311622
331288 331289 331289
310417 310417 310418
330148 330148 330149
301654 301655 301655
106510 106511 106512
305032 305032 305033
LN
LN
304167 304167 304168
313706 313707 313707
302091 302091 302092
332652 332653 332653
102477 102478 102479
319233 319233 319234
308886 308886 308887
332333 332333 332334
303635 303635 303636
303729 303729 303730
104806 104807 104808
