136317 136317 136318
12270 12271 12272
60121 60122 60122
282836 282836 282837
81413 81414 81415
28073 28074 28075
228951 228951 228952
82035 82036 82037
LN
143178 143178 143179
LN
103514 103514 103515
LN
223645 223646 223646
164941 164942 164942
LN
LN
22513 22514 22515
LN
238505 238506 238506
LN
266783 266783 266784
147327 147328 147328
306869 306870 306870
323930 323931 323931
57923 57923 57924
LN
324491 324492 324492
277967 277967 277968
300874 300874 300875
41277 41278 41279
73345 73345 73346
62412 62412 62413
LN
LN
210480 210480 210481
115658 115658 115659
303216 303217 303217
99038 99039 99039
LN
190018 190018 190019
278558 278559 278559
LN
241121 241121 241122
22435 22436 22437
69930 69931 69931
240550 240551 240551
108272 108272 108273
73750 73751 73751
100336 100336 100337
147806 147806 147807
300254 300255 300255
237587 237587 237588
194117 194117 194118
104979 104980 104981
153864 153864 153865
264201 264201 264202
304311 304312 304312
90080 90081 90082
209623 209624 209624
LN
252469 252469 252470
LN
246991 246992 246992
255146 255147 255147
83023 83024 83024
248864 248864 248865
76325 76325 76326
253340 253341 253341
268193 268193 268194
44253 44254 44255
36764 36764 36765
96989 96990 96990
201882 201883 201883
137657 137658 137658
75960 75961 75961
LN
146609 146610 146610
280071 280071 280072
144031 144032 144032
144834 144835 144835
45329 45330 45330
318984 318985 318985
208421 208422 208422
128426 128427 128427
142965 142966 142966
162113 162113 162114
322502 322503 322503
115941 115942 115942
210326 210327 210327
51755 51755 51756
310679 310679 310680
48509 48509 48510
243934 243935 243935
LN
327218 327219 327219
97511 97512 97513
22971 22972 22973
LN
LN
