-328840 -328841 -328841
-323302 -323302 -323303
-324793 -324793 -324794
-110262 -110263 -110264
LN
-105542 -105543 -105544
-319385 -319385 -319386
-321842 -321842 -321843
-310878 -310878 -310879
-319411 -319412 -319412
-106507 -106508 -106509
-305155 -305155 -305156
-310700 -310700 -310701
-300992 -300992 -300993
-312429 -312430 -312430
LN
LN
-109737 -109738 -109739
LN
-312736 -312736 -312737
-310744 -310744 -310745
-329211 -329212 -329212
-318212 -318212 -318213
-314827 -314828 -314828
-311117 -311117 -311118
-318987 -318988 -318988
-321436 -321436 -321437
-312452 -312453 -312453
-307211 -307212 -307212
-312169 -312169 -312170
-307379 -307379 -307380
-310636 -310636 -310637
-313844 -313845 -313845
-309975 -309976 -309976
-306831 -306832 -306832
-310628 -310628 -310629
-325856 -325857 -325857
-302329 -302329 -302330
LN
-326947 -326948 -326948
LN
-314059 -314059 -314060
-306480 -306480 -306481
-310254 -310255 -310255
-332367 -332367 -332368
-330165 -330166 -330166
-108310 -108311 -108312
-309004 -309005 -309005
-331875 -331875 -331876
-306568 -306568 -306569
-324222 -324222 -324223
-305643 -305644 -305644
-301606 -301606 -301607
LN
LN
-106350 -106351 -106352
-329853 -329853 -329854
-328229 -328230 -328230
-308652 -308653 -308653
LN
LN
-314865 -314865 -314866
-328771 -328772 -328772
-317449 -317450 -317450
-104726 -104727 -104728
-105092 -105093 -105094
-110164 -110165 -110166
-320349 -320350 -320350
-321526 -321526 -321527
LN
-330268 -330269 -330269
LN
LN
-328026 -328026 -328027
-331286 -331287 -331287
-322869 -322869 -322870
-331003 -331003 -331004
-323558 -323559 -323559
-312507 -312507 -312508
-333289 -333290 -333290
-312217 -312218 -312218
-100736 -100737 -100738
-301611 -301611 -301612
LN
-100274 -100275 -100276
-302781 -302782 -302782
-101699 -101700 -101701
-331695 -331696 -331696
-324996 -324997 -324997
-312464 -312464 -312465
-316988 -316989 -316989
-324298 -324299 -324299
-103638 -103639 -103640
-329505 -329505 -329506
-106958 -106959 -106960
-326175 -326176 -326176
-326737 -326738 -326738
-313502 -313502 -313503
-305967 -305967 -305968
-332928 -332929 -332929
