25363 25364 25365
LN
262817 262817 262818
LN
191019 191019 191020
298247 298247 298248
79612 79613 79614
LN
LN
312895 312895 312896
320516 320517 320517
99867 99868 99869
215639 215640 215640
73192 73193 73194
18418 18419 18420
256855 256856 256856
41462 41463 41464
LN
60776 60776 60777
LN
115252 115252 115253
136551 136551 136552
36043 36043 36044
215502 215503 215503
116998 116999 116999
LN
241358 241358 241359
260267 260267 260268
LN
60701 60702 60703
36964 36964 36965
238354 238354 238355
320594 320594 320595
329100 329100 329101
49305 49306 49306
225023 225024 225024
25430 25431 25432
70721 70721 70722
LN
279030 279031 279031
298352 298352 298353
220550 220550 220551
60473 60473 60474
270618 270618 270619
LN
125568 125569 125569
213627 213627 213628
LN
70760 70761 70762
109588 109589 109590
90944 90945 90945
109954 109955 109956
273028 273028 273029
143671 143672 143672
34701 34702 34703
82162 82163 82163
115105 115105 115106
LN
LN
75518 75519 75519
201639 201639 201640
326891 326892 326892
LN
55250 55251 55252
139082 139082 139083
184642 184643 184643
323908 323908 323909
187291 187291 187292
96556 96557 96557
59504 59504 59505
154849 154849 154850
285811 285811 285812
284084 284084 284085
LN
146128 146129 146129
60964 60965 60966
127331 127331 127332
205043 205044 205044
263082 263082 263083
182142 182143 182143
LN
97578 97578 97579
211116 211116 211117
LN
103361 103362 103363
72154 72155 72155
208580 208580 208581
85220 85221 85221
LN
88946 88947 88948
42226 42226 42227
220370 220370 220371
LN
122849 122850 122850
LN
200930 200930 200931
240701 240702 240702
220257 220258 220258
45122 45123 45123
312129 312130 312130
