330841 330842 330842
325074 325075 325075
LN
314408 314408 314409
332996 332996 332997
LN
331077 331077 331078
LN
331794 331794 331795
330712 330712 330713
317352 317352 317353
300399 300399 300400
LN
330182 330183 330183
110464 110465 110466
317585 317585 317586
LN
321248 321248 321249
101162 101163 101164
303498 303499 303499
302967 302968 302968
321856 321856 321857
102416 102417 102418
330849 330849 330850
108232 108233 108234
110905 110906 110907
LN
311652 311652 311653
316036 316037 316037
301448 301448 301449
310476 310477 310477
302497 302497 302498
311243 311244 311244
104427 104428 104429
310204 310205 310205
LN
323145 323146 323146
LN
321483 321483 321484
312722 312723 312723
324243 324244 324244
300133 300133 300134
327704 327704 327705
322768 322768 322769
LN
303354 303354 303355
LN
305258 305259 305259
108659 108660 108661
321641 321642 321642
LN
305079 305080 305080
322186 322187 322187
308300 308300 308301
328921 328921 328922
301008 301009 301009
LN
LN
305053 305054 305054
LN
308245 308245 308246
304778 304779 304779
300207 300207 300208
330305 330305 330306
330563 330563 330564
