-42027 -42028 -42029
-68663 -68664 -68665
LN
166821 166822 166822
LN
79088 79088 79089
291205 291205 291206
-268249 -268250 -268250
41038 41038 41039
LN
LN
305462 305462 305463
-84502 -84503 -84504
-381 -382 -382
LN
-323691 -323691 -323692
-208945 -208946 -208946
-90861 -90861 -90862
-2412 -2412 -2413
-330719 -330720 -330720
248708 248708 248709
LN
19592 19593 19594
311008 311008 311009
-50191 -50191 -50192
LN
19394 19395 19396
LN
155290 155290 155291
LN
201817 201817 201818
61287 61288 61288
-70865 -70866 -70866
35592 35593 35593
295319 295319 295320
43276 43276 43277
-133803 -133803 -133804
327778 327779 327779
52205 52205 52206
LN
-104370 -104371 -104371
-138568 -138568 -138569
-156444 -156445 -156445
40065 40066 40067
-331764 -331764 -331765
-6303 -6303 -6304
LN
LN
11341 11342 11342
34592 34593 34594
-66563 -66563 -66564
14499 14499 14500
LN
-319531 -319532 -319532
LN
100195 100196 100197
-323738 -323739 -323739
-325410 -325411 -325411
3711 3711 3712
-263997 -263998 -263998
LN
289481 289482 289482
-118462 -118463 -118463
-67305 -67305 -67306
104366 104367 104368
LN
-288999 -289000 -289000
LN
5671 5672 5672
183754 183755 183755
-54634 -54635 -54635
215266 215266 215267
-241084 -241085 -241085
LN
84203 84203 84204
-251674 -251674 -251675
LN
71980 71980 71981
LN
111009 111009 111010
LN
LN
90364 90365 90366
-72043 -72044 -72044
80945 80946 80947
286003 286003 286004
-140735 -140735 -140736
-10888 -10888 -10889
LN
-161708 -161709 -161709
1642 1643 1643
43769 43770 43771
108699 108700 108701
-42605 -42606 -42606
-11701 -11702 -11702
-84160 -84161 -84161
LN
140805 140805 140806
-44066 -44067 -44068
-126865 -126866 -126866
