LN
312724 312725 312725
331959 331959 331960
103787 103788 103789
310862 310863 310863
314166 314167 314167
309705 309705 309706
331412 331412 331413
321976 321977 321977
308563 308564 308564
329823 329824 329824
LN
308343 308343 308344
LN
323392 323392 323393
LN
99999 100000 100001
310602 310602 310603
LN
327101 327102 327102
311009 311009 311010
322588 322589 322589
LN
313373 313373 313374
316675 316676 316676
LN
LN
322690 322690 322691
320325 320325 320326
101720 101721 101722
306528 306529 306529
320576 320576 320577
317739 317739 317740
LN
104681 104682 104683
317535 317535 317536
333055 333055 333056
311058 311058 311059
LN
LN
325849 325849 325850
311307 311307 311308
LN
324324 324325 324325
323235 323235 323236
308013 308014 308014
327440 327441 327441
323881 323881 323882
323848 323848 323849
LN
329876 329877 329877
312118 312119 312119
318237 318238 318238
LN
321223 321223 321224
316721 316722 316722
110316 110317 110318
301241 301242 301242
LN
LN
312772 312772 312773
LN
317309 317310 317310
323670 323670 323671
LN
LN
329298 329298 329299
312682 312683 312683
309883 309884 309884
