67319 67320 67321
-193709 -193710 -193710
198899 198900 198900
LN
LN
LN
LN
149163 149163 149164
28917 28917 28918
-156973 -156973 -156974
-285109 -285109 -285110
-98249 -98249 -98250
142574 142575 142575
122353 122354 122354
127000 127000 127001
LN
283016 283016 283017
LN
-79617 -79617 -79618
88561 88562 88562
LN
-36680 -36681 -36682
LN
270149 270149 270150
-106812 -106813 -106814
45052 45053 45054
-56192 -56192 -56193
-38167 -38168 -38168
LN
125039 125039 125040
155213 155213 155214
-93287 -93287 -93288
-155272 -155273 -155273
172609 172610 172610
LN
-215928 -215929 -215929
LN
33576 33577 33578
237469 237470 237470
LN
LN
-119858 -119858 -119859
-279107 -279107 -279108
-55405 -55406 -55406
-76238 -76239 -76239
186796 186797 186797
-36724 -36725 -36726
-174194 -174195 -174195
-316251 -316252 -316252
LN
58684 58685 58686
106108 106109 106110
176335 176335 176336
-268471 -268471 -268472
LN
236282 236282 236283
-225828 -225829 -225829
-280974 -280974 -280975
-14241 -14242 -14242
-28975 -28976 -28976
-260994 -260994 -260995
-318544 -318545 -318545
240831 240832 240832
LN
171209 171210 171210
-127327 -127327 -127328
-286665 -286666 -286666
91797 91797 91798
77234 77235 77236
95245 95246 95246
LN
LN
-291931 -291932 -291932
-226609 -226610 -226610
286094 286094 286095
-220429 -220429 -220430
-321968 -321968 -321969
316156 316156 316157
LN
-114470 -114471 -114471
-71694 -71695 -71695
-303647 -303647 -303648
LN
90350 90351 90352
-109874 -109874 -109875
24177 24178 24179
-122715 -122715 -122716
243967 243968 243968
-134049 -134050 -134050
85877 85877 85878
-2644 -2645 -2646
LN
LN
233283 233284 233284
LN
190097 190098 190098
LN
156012 156013 156013
LN
-198654 -198654 -198655
