-90786 -90787 -90787
47763 47763 47764
LN
-248035 -248035 -248036
-48991 -48992 -48993
LN
LN
-34986 -34986 -34987
66542 66543 66543
-253324 -253324 -253325
LN
125268 125269 125269
181880 181881 181881
LN
-290915 -290916 -290916
230483 230484 230484
-314724 -314724 -314725
20931 20931 20932
76288 76289 76290
40839 40840 40840
-256623 -256623 -256624
-192300 -192301 -192301
LN
52963 52964 52964
LN
-86047 -86048 -86049
-69845 -69846 -69846
270210 270211 270211
183937 183938 183938
LN
304625 304626 304626
-26995 -26996 -26996
-165870 -165871 -165871
245901 245902 245902
101176 101177 101177
-46940 -46940 -46941
-32936 -32937 -32938
-87997 -87998 -87998
LN
-158245 -158245 -158246
-279922 -279922 -279923
117528 117528 117529
-10310 -10311 -10312
288521 288522 288522
14420 14421 14421
-214390 -214391 -214391
-78809 -78810 -78811
-84246 -84246 -84247
-35319 -35319 -35320
LN
LN
-193249 -193250 -193250
121000 121001 121001
-331539 -331540 -331540
138534 138534 138535
-240983 -240983 -240984
-190514 -190515 -190515
-258743 -258744 -258744
89663 89663 89664
83343 83343 83344
18088 18089 18089
-293774 -293775 -293775
199217 199217 199218
-74540 -74541 -74542
LN
-70152 -70153 -70154
266732 266732 266733
LN
-257003 -257003 -257004
203408 203409 203409
316593 316593 316594
LN
-235996 -235996 -235997
76870 76870 76871
239263 239263 239264
157001 157002 157002
289013 289013 289014
-292558 -292558 -292559
LN
115002 115002 115003
107693 107694 107694
-223930 -223931 -223931
LN
LN
7951 7952 7953
54681 54682 54682
LN
175746 175746 175747
LN
LN
LN
6109 6109 6110
LN
LN
LN
268507 268508 268508
LN
8824 8824 8825
200877 200878 200878
LN
