-331339 -331339 -331340
-327637 -327638 -327638
LN
LN
-110212 -110213 -110214
-103553 -103554 -103555
-310158 -310158 -310159
-303454 -303454 -303455
-302082 -302082 -302083
-330482 -330483 -330483
-104783 -104784 -104785
-325385 -325386 -325386
-333264 -333265 -333265
-305682 -305683 -305683
LN
-319708 -319708 -319709
-324311 -324311 -324312
-109516 -109517 -109518
LN
-300811 -300811 -300812
-311754 -311754 -311755
-315569 -315569 -315570
-320934 -320934 -320935
-333269 -333269 -333270
-302066 -302067 -302067
LN
-315812 -315813 -315813
LN
-323471 -323471 -323472
-331795 -331795 -331796
-300870 -300871 -300871
-314077 -314078 -314078
-320723 -320723 -320724
-317674 -317674 -317675
LN
LN
-324585 -324585 -324586
-311886 -311886 -311887
LN
-310686 -310687 -310687
-307434 -307435 -307435
LN
-311244 -311244 -311245
LN
LN
-309739 -309740 -309740
-102020 -102021 -102022
LN
-328386 -328386 -328387
-109326 -109327 -109328
LN
-325365 -325365 -325366
-302339 -302340 -302340
-305883 -305884 -305884
-106247 -106248 -106249
-108677 -108678 -108679
LN
-304880 -304881 -304881
LN
-306603 -306604 -306604
LN
-302443 -302443 -302444
LN
-300969 -300969 -300970
-314637 -314637 -314638
-302132 -302132 -302133
-300457 -300458 -300458
-107426 -107427 -107428
-321222 -321223 -321223
LN
-307599 -307599 -307600
-321252 -321253 -321253
-306085 -306086 -306086
LN
-108213 -108214 -108215
-322892 -322893 -322893
-317321 -317322 -317322
-316718 -316719 -316719
-327192 -327192 -327193
-329133 -329133 -329134
-312309 -312310 -312310
-304293 -304293 -304294
-312701 -312702 -312702
-324271 -324271 -324272
-103395 -103396 -103397
-323444 -323444 -323445
-319900 -319901 -319901
LN
-319534 -319535 -319535
-102677 -102678 -102679
-110232 -110233 -110234
-106998 -106999 -107000
LN
-301482 -301482 -301483
-311083 -311084 -311084
-110008 -110009 -110010
LN
-322715 -322715 -322716
-303308 -303308 -303309
-304878 -304879 -304879
