331646 331646 331647
300007 300007 300008
330920 330921 330921
LN
300579 300580 300580
325719 325720 325720
321647 321647 321648
LN
330325 330326 330326
LN
309812 309812 309813
LN
304090 304091 304091
315552 315552 315553
LN
328690 328690 328691
LN
LN
313233 313234 313234
319185 319186 319186
305691 305691 305692
LN
318153 318154 318154
308940 308940 308941
332942 332943 332943
328151 328151 328152
311966 311967 311967
102247 102248 102249
LN
109148 109149 109150
300317 300317 300318
316932 316932 316933
328008 328009 328009
LN
310188 310189 310189
302053 302053 302054
313600 313601 313601
317937 317938 317938
322462 322462 322463
LN
105520 105521 105522
329553 329553 329554
106341 106342 106343
101674 101675 101676
327991 327992 327992
101269 101270 101271
314374 314375 314375
LN
320756 320756 320757
LN
332703 332704 332704
309330 309331 309331
328632 328633 328633
313832 313833 313833
LN
325138 325138 325139
300296 300297 300297
331763 331763 331764
306623 306624 306624
302402 302403 302403
LN
107220 107221 107222
305403 305403 305404
305649 305650 305650
320832 320832 320833
110007 110008 110009
332568 332568 332569
311089 311089 311090
319688 319688 319689
LN
315540 315540 315541
308794 308794 308795
305956 305957 305957
LN
323008 323008 323009
LN
308220 308220 308221
LN
308172 308172 308173
LN
LN
LN
306613 306613 306614
303802 303802 303803
313345 313346 313346
108225 108226 108227
300498 300499 300499
327246 327247 327247
330460 330460 330461
110975 110976 110977
LN
305375 305376 305376
307063 307063 307064
325978 325978 325979
320974 320975 320975
312629 312630 312630
301905 301906 301906
332600 332600 332601
