LN
-327468 -327468 -327469
-315048 -315049 -315049
-312083 -312084 -312084
LN
LN
-321734 -321735 -321735
-302182 -302183 -302183
-332866 -332867 -332867
-311486 -311486 -311487
-302137 -302137 -302138
LN
LN
-325003 -325003 -325004
LN
-326039 -326039 -326040
-328301 -328301 -328302
-319375 -319376 -319376
-300758 -300759 -300759
-325264 -325264 -325265
-306449 -306450 -306450
-300540 -300541 -300541
LN
-310076 -310077 -310077
-100438 -100439 -100440
LN
-306468 -306468 -306469
-320131 -320131 -320132
-326779 -326779 -326780
-327434 -327435 -327435
-307064 -307065 -307065
-304256 -304257 -304257
LN
-316273 -316273 -316274
-328494 -328495 -328495
-306881 -306882 -306882
-311617 -311618 -311618
-328075 -328076 -328076
-312678 -312679 -312679
-306546 -306546 -306547
-312860 -312860 -312861
-312484 -312485 -312485
-306495 -306496 -306496
-330316 -330316 -330317
LN
-332956 -332957 -332957
-325867 -325867 -325868
-303037 -303038 -303038
-300425 -300425 -300426
-316812 -316812 -316813
-323532 -323533 -323533
-309566 -309567 -309567
-325029 -325029 -325030
-301155 -301156 -301156
-324058 -324059 -324059
LN
-103570 -103571 -103572
LN
LN
-329354 -329354 -329355
-325799 -325800 -325800
-322366 -322366 -322367
-304887 -304888 -304888
-318890 -318890 -318891
-315365 -315366 -315366
LN
-306131 -306132 -306132
LN
-316503 -316503 -316504
-315671 -315672 -315672
-314717 -314717 -314718
-314399 -314400 -314400
-329111 -329111 -329112
LN
LN
-307471 -307472 -307472
-313507 -313508 -313508
-332338 -332338 -332339
-100477 -100478 -100479
LN
-327585 -327585 -327586
-333062 -333062 -333063
-309833 -309833 -309834
-308013 -308014 -308014
LN
-300551 -300551 -300552
-308243 -308244 -308244
-331517 -331517 -331518
-307431 -307432 -307432
-306149 -306149 -306150
-100057 -100058 -100059
-302131 -302131 -302132
-104498 -104499 -104500
-317276 -317277 -317277
LN
-304378 -304378 -304379
LN
-309130 -309131 -309131
-312371 -312372 -312372
LN
