-309715 -309716 -309716
-304081 -304081 -304082
LN
-108862 -108863 -108864
-332665 -332665 -332666
-332540 -332540 -332541
-310786 -310787 -310787
-102223 -102224 -102225
LN
LN
-321980 -321981 -321981
-313559 -313559 -313560
-318419 -318420 -318420
-305143 -305143 -305144
LN
-307707 -307708 -307708
-306944 -306945 -306945
LN
LN
-324155 -324155 -324156
-300580 -300580 -300581
-321981 -321981 -321982
-302923 -302924 -302924
-323310 -323310 -323311
-326072 -326073 -326073
-331374 -331374 -331375
-306696 -306697 -306697
LN
-331795 -331796 -331796
-318737 -318737 -318738
-303290 -303290 -303291
-331422 -331422 -331423
-313111 -313112 -313112
-103912 -103913 -103914
-100057 -100058 -100059
-108884 -108885 -108886
-311507 -311507 -311508
-108570 -108571 -108572
-321090 -321090 -321091
-314126 -314126 -314127
-306614 -306614 -306615
-328059 -328059 -328060
LN
-100614 -100615 -100616
-321385 -321386 -321386
-330914 -330914 -330915
LN
-332564 -332564 -332565
-313661 -313661 -313662
-315903 -315904 -315904
-305903 -305904 -305904
-316956 -316957 -316957
-110260 -110261 -110262
-305719 -305719 -305720
-316144 -316145 -316145
-308205 -308205 -308206
-317861 -317861 -317862
-103958 -103959 -103960
-332977 -332978 -332978
-306666 -306667 -306667
LN
-301594 -301594 -301595
LN
LN
LN
-321444 -321444 -321445
-317937 -317937 -317938
-330189 -330190 -330190
LN
-311204 -311205 -311205
-302339 -302340 -302340
LN
-319374 -319375 -319375
-328884 -328884 -328885
-307882 -307883 -307883
-331646 -331646 -331647
LN
-322714 -322714 -322715
-325507 -325508 -325508
-105376 -105377 -105378
-107408 -107409 -107410
-330331 -330331 -330332
LN
-331488 -331488 -331489
-315705 -315706 -315706
-301775 -301775 -301776
-330714 -330714 -330715
-321512 -321513 -321513
-328840 -328840 -328841
-333236 -333236 -333237
-318835 -318836 -318836
LN
-309098 -309098 -309099
-302527 -302528 -302528
-309173 -309174 -309174
-102969 -102970 -102971
-101680 -101681 -101682
-305271 -305272 -305272
LN
-323064 -323065 -323065
