-330946 -330947 -330947
118219 118220 118220
88833 88834 88834
-113298 -113299 -113299
LN
12684 12685 12686
31231 31232 31232
82660 82661 82661
71732 71733 71733
-933 -934 -935
159873 159873 159874
-77379 -77379 -77380
180964 180964 180965
191082 191082 191083
201782 201783 201783
LN
LN
LN
LN
LN
-266010 -266011 -266011
-201969 -201970 -201970
-317905 -317906 -317906
LN
266750 266750 266751
184393 184394 184394
-9330 -9331 -9331
LN
82044 82044 82045
-239211 -239211 -239212
-131878 -131879 -131879
LN
-56985 -56986 -56986
-119805 -119806 -119806
-159216 -159217 -159217
118729 118729 118730
-309671 -309672 -309672
LN
LN
74217 74218 74218
-281961 -281961 -281962
LN
-199722 -199722 -199723
LN
LN
-43083 -43084 -43084
-138452 -138452 -138453
96567 96567 96568
224180 224181 224181
105608 105609 105609
LN
244171 244171 244172
209986 209987 209987
-29938 -29939 -29940
-164351 -164352 -164352
LN
86822 86823 86824
71886 71887 71887
-215231 -215231 -215232
79633 79634 79634
-78304 -78305 -78305
65382 65383 65384
LN
-328890 -328891 -328891
-88174 -88174 -88175
283087 283088 283088
298559 298560 298560
232493 232493 232494
LN
300323 300323 300324
LN
-129733 -129733 -129734
-82242 -82242 -82243
-274123 -274123 -274124
LN
-298374 -298374 -298375
-281155 -281156 -281156
-246295 -246296 -246296
LN
-99576 -99577 -99578
73335 73335 73336
150835 150836 150836
-196085 -196086 -196086
-42334 -42335 -42335
212655 212656 212656
-212901 -212902 -212902
331951 331951 331952
LN
-92980 -92981 -92982
LN
316225 316225 316226
176843 176843 176844
LN
85009 85009 85010
-289129 -289130 -289130
236231 236231 236232
LN
-26522 -26523 -26524
318231 318231 318232
-74807 -74808 -74808
