-316353 -316354 -316354
-321486 -321486 -321487
-330877 -330878 -330878
LN
-313550 -313551 -313551
-328160 -328160 -328161
-326271 -326271 -326272
-314121 -314122 -314122
LN
-329154 -329155 -329155
-102290 -102291 -102292
-328197 -328197 -328198
-303072 -303072 -303073
-104902 -104903 -104904
-332360 -332361 -332361
-328392 -328392 -328393
LN
LN
LN
LN
LN
-319491 -319491 -319492
-322323 -322323 -322324
-308563 -308564 -308564
-110668 -110669 -110670
-105158 -105159 -105160
-313085 -313085 -313086
-102625 -102626 -102627
-307956 -307957 -307957
LN
-328254 -328255 -328255
-303989 -303990 -303990
-318754 -318754 -318755
-329144 -329145 -329145
LN
-330229 -330230 -330230
LN
LN
-310964 -310964 -310965
LN
-326966 -326966 -326967
-311743 -311744 -311744
-105624 -105625 -105626
-108796 -108797 -108798
LN
-313513 -313514 -313514
-302291 -302291 -302292
-310185 -310186 -310186
LN
-103254 -103255 -103256
-332523 -332523 -332524
-326299 -326300 -326300
-325386 -325386 -325387
-305217 -305217 -305218
-326792 -326792 -326793
-323091 -323092 -323092
LN
-309225 -309226 -309226
-311214 -311215 -311215
-315170 -315171 -315171
-317245 -317245 -317246
LN
-327061 -327062 -327062
-320420 -320421 -320421
-301151 -301152 -301152
-324607 -324608 -324608
-325870 -325870 -325871
-104462 -104463 -104464
-301986 -301986 -301987
-325276 -325277 -325277
-100925 -100926 -100927
LN
LN
-314734 -314735 -314735
LN
-327359 -327360 -327360
-312586 -312587 -312587
-316855 -316855 -316856
-314258 -314259 -314259
-301455 -301456 -301456
-320562 -320563 -320563
-333082 -333083 -333083
-308579 -308579 -308580
-301055 -301056 -301056
LN
-309923 -309923 -309924
-325407 -325408 -325408
-108823 -108824 -108825
LN
-328493 -328493 -328494
-329268 -329268 -329269
-331438 -331439 -331439
-303103 -303104 -303104
LN
-316781 -316782 -316782
LN
-110973 -110974 -110975
LN
LN
-326393 -326394 -326394
