LN
-94130 -94130 -94131
249044 249044 249045
-196952 -196952 -196953
291372 291373 291373
-102199 -102200 -102200
LN
LN
43892 43892 43893
47415 47415 47416
-106560 -106561 -106561
297164 297164 297165
253942 253942 253943
-167879 -167880 -167880
155535 155535 155536
23565 23566 23566
-237300 -237300 -237301
-234238 -234238 -234239
-157199 -157200 -157200
LN
3866 3867 3867
194546 194546 194547
-153117 -153118 -153118
326861 326862 326862
288025 288025 288026
-303641 -303642 -303642
-154091 -154092 -154092
201779 201780 201780
LN
-89642 -89642 -89643
-22014 -22015 -22016
-302423 -302424 -302424
57145 57146 57147
-91042 -91042 -91043
94647 94648 94648
LN
40153 40153 40154
-1625 -1625 -1626
-69788 -69789 -69790
-86985 -86985 -86986
253011 253011 253012
-287437 -287438 -287438
-142870 -142870 -142871
LN
-231056 -231056 -231057
-234881 -234882 -234882
56195 56196 56197
204195 204195 204196
276464 276465 276465
-108055 -108056 -108056
LN
282035 282036 282036
122169 122170 122170
41033 41034 41035
125854 125855 125855
327418 327419 327419
-244241 -244242 -244242
56464 56465 56466
-134551 -134551 -134552
-44505 -44506 -44506
9713 9714 9715
-283459 -283460 -283460
165710 165711 165711
-256378 -256378 -256379
141705 141705 141706
23177 23178 23179
LN
-246798 -246798 -246799
88714 88715 88716
-42090 -42090 -42091
LN
-300346 -300346 -300347
300579 300579 300580
304328 304328 304329
LN
LN
265618 265618 265619
232627 232627 232628
LN
-145350 -145350 -145351
42607 42607 42608
-204845 -204846 -204846
LN
69456 69457 69458
-60784 -60785 -60785
100221 100222 100223
311834 311835 311835
-226615 -226616 -226616
45500 45501 45501
-313009 -313010 -313010
LN
-327000 -327000 -327001
68892 68892 68893
LN
21584 21585 21585
131386 131386 131387
316546 316547 316547
138560 138560 138561
-325561 -325561 -325562
186804 186804 186805
