LN
LN
13 13 14
-31 -31 -32
LN
1 2 2
-7 -8 -9
-30 -30 -31
21 22 22
LN
4 4 5
LN
LN
LN
LN
-18 -18 -19
LN
-5 -6 -6
LN
13 14 14
23 24 24
-25 -25 -26
LN
LN
-19 -20 -20
-29 -30 -30
-5 -6 -7
-7 -7 -8
-11 -12 -12
6 6 7
7 8 8
-26 -27 -27
-14 -14 -15
19 20 20
-25 -26 -26
10 11 11
-25 -25 -26
0 0 1
3 4 4
-2 -3 -3
-8 -9 -9
23 24 24
-2 -3 -4
LN
LN
19 19 20
LN
-7 -7 -8
-9 -9 -10
-25 -26 -26
8 9 10
-11 -11 -12
-25 -25 -26
-7 -8 -9
LN
-2 -3 -4
25 25 26
0 1 1
LN
-30 -31 -31
8 8 9
27 28 28
0 -1 -1
-30 -31 -31
22 22 23
27 27 28
