LN
-312360 -312361 -312361
LN
-175865 -175866 -175866
LN
-82064 -82064 -82065
-57150 -57151 -57152
180855 180856 180856
-276718 -276718 -276719
-221059 -221059 -221060
-44604 -44605 -44605
22158 22158 22159
256933 256934 256934
166485 166486 166486
-20758 -20759 -20759
-109252 -109253 -109253
55381 55382 55383
110808 110809 110810
-275233 -275233 -275234
262754 262755 262755
-223253 -223254 -223254
LN
LN
-125994 -125995 -125995
LN
LN
175952 175952 175953
-133390 -133390 -133391
LN
LN
176143 176144 176144
214536 214536 214537
108335 108336 108336
-137392 -137392 -137393
-272354 -272354 -272355
-62801 -62801 -62802
291935 291936 291936
-280764 -280764 -280765
LN
-176873 -176873 -176874
313897 313898 313898
213933 213934 213934
113982 113983 113983
LN
LN
LN
202847 202848 202848
-183491 -183492 -183492
-242537 -242537 -242538
LN
-5218 -5219 -5220
-69508 -69509 -69509
125859 125859 125860
260967 260967 260968
LN
308133 308133 308134
224991 224992 224992
253690 253690 253691
LN
-95040 -95040 -95041
-259041 -259042 -259042
127000 127000 127001
LN
-51222 -51222 -51223
-5824 -5825 -5826
38893 38893 38894
85545 85546 85546
LN
LN
LN
217107 217107 217108
-17790 -17791 -17792
-331214 -331214 -331215
79719 79719 79720
-12782 -12783 -12783
284957 284958 284958
