204697 204698 204698
196063 196063 196064
49385 49385 49386
LN
45136 45136 45137
307345 307345 307346
90693 90693 90694
LN
LN
71984 71984 71985
305557 305558 305558
75733 75734 75734
75867 75868 75868
LN
51393 51394 51394
114981 114982 114982
244379 244379 244380
55030 55031 55032
LN
187818 187818 187819
LN
125220 125221 125221
52413 52414 52414
117624 117624 117625
68367 68367 68368
LN
209906 209907 209907
22617 22618 22619
292441 292441 292442
314472 314472 314473
87906 87907 87907
295049 295050 295050
LN
36831 36832 36833
LN
40426 40426 40427
314721 314721 314722
LN
62988 62989 62989
LN
LN
278337 278337 278338
LN
268168 268169 268169
108597 108597 108598
LN
80797 80798 80798
172325 172326 172326
60151 60152 60153
LN
157019 157020 157020
276567 276567 276568
214557 214557 214558
219158 219159 219159
LN
91096 91096 91097
LN
246418 246418 246419
298693 298693 298694
LN
331504 331505 331505
LN
268622 268623 268623
105532 105532 105533
297490 297490 297491
251654 251654 251655
233765 233766 233766
103673 103674 103674
24497 24498 24499
75032 75033 75033
LN
239801 239802 239802
214889 214890 214890
103708 103709 103710
281463 281464 281464
67520 67521 67521
73207 73208 73208
123955 123955 123956
224292 224293 224293
50167 50167 50168
101894 101895 101895
95069 95070 95071
LN
168014 168014 168015
44323 44323 44324
71938 71939 71939
186571 186571 186572
LN
75830 75830 75831
88852 88852 88853
148747 148747 148748
104357 104357 104358
LN
329490 329491 329491
22284 22285 22286
154854 154855 154855
150262 150262 150263
161542 161542 161543
111059 111059 111060
LN
