54362 54363 54364
61920 61920 61921
-64448 -64448 -64449
LN
-299371 -299371 -299372
-240986 -240987 -240987
227253 227254 227254
232953 232953 232954
87199 87200 87201
LN
LN
45377 45377 45378
-12166 -12166 -12167
LN
-131643 -131644 -131644
-48446 -48447 -48447
231971 231971 231972
39570 39570 39571
-308569 -308569 -308570
306024 306024 306025
170068 170068 170069
57312 57313 57313
90049 90050 90050
LN
35555 35555 35556
180565 180565 180566
83444 83445 83446
-201377 -201378 -201378
57573 57574 57574
301351 301351 301352
66424 66424 66425
-306897 -306897 -306898
-31812 -31813 -31814
241401 241401 241402
67214 67215 67216
107911 107911 107912
178731 178731 178732
95282 95282 95283
-110013 -110014 -110015
141432 141432 141433
-256014 -256015 -256015
188895 188895 188896
-298053 -298053 -298054
-261994 -261995 -261995
221430 221431 221431
-24731 -24731 -24732
229168 229169 229169
-139226 -139227 -139227
141728 141729 141729
132258 132258 132259
86412 86413 86413
LN
108985 108986 108987
LN
-248143 -248144 -248144
271766 271766 271767
LN
LN
171436 171436 171437
193548 193548 193549
-173213 -173214 -173214
203920 203921 203921
LN
