-304582 -304583 -304583
-109854 -109855 -109856
-330390 -330391 -330391
-317223 -317224 -317224
-102053 -102054 -102055
-108243 -108244 -108245
-331385 -331385 -331386
-306698 -306699 -306699
-313029 -313030 -313030
-319892 -319892 -319893
LN
LN
-319401 -319401 -319402
-328603 -328603 -328604
-313057 -313057 -313058
LN
-107454 -107455 -107456
-329130 -329131 -329131
-333317 -333317 -333318
-302366 -302367 -302367
-107321 -107322 -107323
-320148 -320148 -320149
-301665 -301665 -301666
-330343 -330344 -330344
-310073 -310073 -310074
LN
LN
LN
-325008 -325008 -325009
-331976 -331977 -331977
-332393 -332393 -332394
LN
-309355 -309355 -309356
-330184 -330184 -330185
-310580 -310580 -310581
-327284 -327284 -327285
-107384 -107385 -107386
-305677 -305678 -305678
-303715 -303716 -303716
LN
-322198 -322198 -322199
-306025 -306026 -306026
-105396 -105397 -105398
-303629 -303630 -303630
-322699 -322700 -322700
-328524 -328525 -328525
-322657 -322658 -322658
LN
LN
LN
-320454 -320454 -320455
-106259 -106260 -106261
-102212 -102213 -102214
-323383 -323384 -323384
-302375 -302376 -302376
-301842 -301843 -301843
LN
-313179 -313179 -313180
-330185 -330185 -330186
LN
LN
-100833 -100834 -100835
-311820 -311821 -311821
-303344 -303344 -303345
LN
-302832 -302833 -302833
-311691 -311691 -311692
-319941 -319941 -319942
-306377 -306377 -306378
-322328 -322329 -322329
-106272 -106273 -106274
LN
-332321 -332321 -332322
-312130 -312131 -312131
-100232 -100233 -100234
-320891 -320891 -320892
-324455 -324455 -324456
-102836 -102837 -102838
-312767 -312768 -312768
-320219 -320220 -320220
LN
LN
-313997 -313997 -313998
-306788 -306788 -306789
-308831 -308832 -308832
-328267 -328267 -328268
-315211 -315212 -315212
LN
-328255 -328255 -328256
LN
-327662 -327663 -327663
LN
-312605 -312606 -312606
-308746 -308747 -308747
-329516 -329517 -329517
-308998 -308999 -308999
-331479 -331480 -331480
-314679 -314680 -314680
-302665 -302666 -302666
-109251 -109252 -109253
