-323194 -323195 -323195
-317606 -317606 -317607
-328736 -328737 -328737
-104933 -104934 -104935
LN
LN
-316444 -316445 -316445
-326238 -326238 -326239
-310402 -310403 -310403
-110674 -110675 -110676
-110319 -110320 -110321
-329406 -329406 -329407
LN
-110053 -110054 -110055
-324341 -324341 -324342
-333155 -333156 -333156
LN
-308978 -308979 -308979
-305525 -305526 -305526
-304136 -304137 -304137
LN
-107128 -107129 -107130
-317625 -317626 -317626
-319426 -319427 -319427
-303400 -303401 -303401
LN
-312319 -312320 -312320
LN
-322164 -322164 -322165
-322281 -322281 -322282
-310294 -310295 -310295
-316522 -316523 -316523
-331986 -331986 -331987
-305048 -305048 -305049
-313329 -313330 -313330
-312228 -312229 -312229
-324483 -324484 -324484
-311940 -311941 -311941
-317839 -317840 -317840
-310918 -310919 -310919
LN
-326714 -326714 -326715
-304981 -304981 -304982
-301820 -301820 -301821
-306019 -306019 -306020
-313506 -313506 -313507
-103291 -103292 -103293
-301461 -301462 -301462
-105140 -105141 -105142
-107992 -107993 -107994
-302420 -302421 -302421
-312220 -312221 -312221
-316716 -316717 -316717
LN
-323365 -323366 -323366
-325106 -325106 -325107
-305913 -305913 -305914
LN
-301383 -301384 -301384
-315864 -315865 -315865
-324097 -324098 -324098
-306074 -306075 -306075
-300970 -300971 -300971
-324574 -324575 -324575
-104986 -104987 -104988
-303722 -303723 -303723
-104558 -104559 -104560
-326400 -326400 -326401
LN
LN
-107241 -107242 -107243
-101347 -101348 -101349
-307653 -307653 -307654
-108240 -108241 -108242
-320639 -320640 -320640
-302461 -302462 -302462
LN
-328386 -328387 -328387
LN
LN
-324736 -324736 -324737
-316026 -316026 -316027
-301758 -301759 -301759
LN
-301951 -301951 -301952
-316510 -316510 -316511
LN
-322507 -322508 -322508
LN
LN
-318135 -318135 -318136
-101753 -101754 -101755
-303660 -303660 -303661
-329262 -329262 -329263
-322315 -322316 -322316
LN
-330958 -330958 -330959
-322816 -322816 -322817
LN
-305557 -305558 -305558
