320956 320957 320957
327264 327265 327265
310930 310931 310931
100764 100765 100766
312890 312890 312891
LN
303037 303038 303038
318544 318545 318545
312268 312268 312269
LN
304579 304580 304580
LN
LN
315998 315998 315999
313259 313259 313260
326685 326685 326686
LN
LN
317689 317690 317690
332755 332755 332756
318963 318963 318964
LN
103440 103441 103442
100003 100004 100005
316870 316871 316871
322664 322665 322665
301012 301013 301013
303820 303821 303821
301153 301154 301154
309117 309118 309118
331923 331924 331924
310413 310414 310414
LN
333234 333235 333235
108857 108858 108859
333025 333026 333026
300506 300507 300507
306807 306808 306808
106851 106852 106853
301641 301641 301642
327196 327196 327197
327088 327089 327089
316962 316963 316963
326826 326827 326827
310494 310494 310495
LN
101951 101952 101953
327461 327462 327462
332439 332439 332440
328576 328576 328577
LN
305728 305729 305729
328414 328415 328415
328861 328862 328862
LN
309531 309532 309532
103424 103425 103426
LN
314510 314510 314511
319541 319542 319542
306527 306527 306528
LN
327861 327862 327862
103526 103527 103528
301139 301139 301140
105956 105957 105958
104286 104287 104288
303665 303666 303666
311673 311674 311674
105180 105181 105182
321840 321841 321841
319720 319720 319721
LN
311560 311561 311561
101455 101456 101457
302601 302602 302602
LN
304189 304190 304190
331642 331643 331643
306135 306135 306136
LN
313585 313586 313586
310976 310977 310977
323261 323262 323262
329862 329862 329863
LN
LN
LN
317609 317610 317610
LN
317272 317273 317273
311884 311884 311885
313454 313455 313455
322985 322985 322986
322433 322434 322434
324384 324384 324385
LN
332865 332865 332866
330456 330456 330457
