246981 246981 246982
89417 89418 89419
326088 326088 326089
91923 91923 91924
46150 46151 46152
85939 85940 85941
LN
LN
LN
LN
216519 216519 216520
158757 158757 158758
LN
LN
46401 46402 46402
274587 274588 274588
LN
76606 76606 76607
LN
LN
69991 69992 69992
181893 181894 181894
141288 141288 141289
74424 74424 74425
49490 49491 49492
77908 77908 77909
40304 40305 40306
156302 156302 156303
313833 313833 313834
257420 257420 257421
44669 44670 44671
LN
LN
89133 89134 89134
304069 304070 304070
170557 170558 170558
LN
LN
175298 175298 175299
240213 240213 240214
66211 66212 66212
110123 110124 110125
182926 182926 182927
95466 95467 95468
109992 109993 109993
167258 167259 167259
LN
98157 98158 98158
167345 167345 167346
95960 95960 95961
101493 101494 101494
214538 214539 214539
323686 323687 323687
41877 41877 41878
265335 265335 265336
LN
66021 66021 66022
189075 189076 189076
45352 45352 45353
80782 80783 80784
183772 183773 183773
34803 34803 34804
LN
136024 136025 136025
272990 272991 272991
320360 320361 320361
50152 50152 50153
LN
LN
221999 222000 222000
LN
83944 83944 83945
58127 58128 58128
197670 197671 197671
295887 295888 295888
173746 173746 173747
287828 287829 287829
185473 185473 185474
48351 48352 48353
262500 262501 262501
281268 281269 281269
155303 155304 155304
70439 70440 70440
LN
290370 290371 290371
301559 301559 301560
50324 50325 50325
LN
LN
321776 321776 321777
42369 42369 42370
330775 330776 330776
LN
LN
181844 181845 181845
LN
37615 37616 37616
75816 75817 75818
262315 262315 262316
87579 87580 87581
