311226 311226 311227
268038 268039 268039
269771 269772 269772
256798 256799 256799
LN
LN
LN
259945 259945 259946
LN
-196481 -196481 -196482
LN
-243209 -243209 -243210
-82590 -82590 -82591
-53510 -53511 -53512
287880 287881 287881
-27414 -27415 -27416
-25089 -25089 -25090
133066 133066 133067
64118 64119 64119
319327 319327 319328
195845 195845 195846
LN
26893 26894 26895
-115154 -115155 -115155
81740 81741 81742
-109144 -109145 -109145
144235 144235 144236
-331992 -331993 -331993
-322677 -322677 -322678
LN
-203497 -203498 -203498
LN
-75837 -75837 -75838
-40543 -40543 -40544
LN
LN
69458 69459 69460
-217650 -217650 -217651
166627 166628 166628
-157372 -157373 -157373
LN
-189892 -189892 -189893
LN
LN
-21908 -21909 -21909
210308 210309 210309
-304772 -304772 -304773
LN
70949 70949 70950
-36949 -36950 -36951
255435 255436 255436
11322 11323 11324
LN
LN
-37197 -37198 -37199
-72085 -72086 -72086
112869 112869 112870
162742 162743 162743
100303 100304 100304
LN
LN
-297198 -297199 -297199
-22473 -22473 -22474
16318 16319 16320
322140 322140 322141
LN
-35793 -35794 -35794
LN
-98698 -98698 -98699
-102860 -102860 -102861
-293669 -293669 -293670
-98751 -98752 -98753
66964 66964 66965
-91142 -91143 -91143
11575 11576 11577
47635 47636 47636
255396 255397 255397
LN
193926 193926 193927
242181 242181 242182
-293717 -293717 -293718
LN
256102 256103 256103
LN
LN
LN
-10447 -10447 -10448
LN
64768 64769 64769
LN
3242 3242 3243
-119640 -119640 -119641
15074 15074 15075
-108923 -108923 -108924
-75308 -75309 -75310
55183 55184 55185
177155 177155 177156
128338 128338 128339
272066 272067 272067
LN
