77549 77550 77550
177720 177720 177721
LN
71765 71765 71766
169103 169103 169104
294096 294096 294097
283826 283826 283827
15907 15908 15909
292463 292464 292464
44474 44475 44475
LN
256798 256798 256799
LN
LN
263536 263536 263537
65453 65454 65455
150672 150673 150673
99092 99093 99094
225586 225586 225587
66609 66610 66611
85343 85343 85344
LN
45510 45510 45511
132511 132512 132512
54394 54395 54395
28910 28911 28912
LN
224776 224776 224777
264193 264193 264194
LN
251206 251207 251207
LN
25893 25894 25895
LN
LN
81638 81639 81640
LN
75706 75707 75707
160936 160937 160937
125209 125209 125210
310024 310024 310025
84558 84558 84559
LN
87865 87866 87866
99354 99355 99355
265610 265610 265611
80532 80532 80533
292965 292966 292966
286903 286904 286904
272601 272602 272602
99599 99600 99601
LN
LN
LN
208170 208171 208171
LN
233878 233879 233879
230489 230490 230490
LN
276644 276645 276645
218922 218922 218923
LN
276241 276241 276242
296020 296021 296021
94799 94799 94800
LN
LN
LN
90071 90071 90072
206073 206074 206074
58608 58608 58609
56421 56422 56422
195895 195896 195896
74161 74162 74163
294069 294070 294070
LN
153044 153045 153045
138778 138778 138779
332663 332663 332664
133055 133055 133056
23968 23969 23970
161346 161347 161347
198793 198793 198794
294328 294329 294329
306516 306517 306517
117143 117144 117144
143556 143557 143557
88896 88897 88898
88584 88585 88585
52514 52515 52515
234980 234980 234981
66079 66079 66080
16486 16487 16488
300282 300282 300283
47212 47213 47214
175473 175474 175474
LN
130775 130776 130776
327059 327060 327060
56641 56641 56642
