LN
LN
-331007 -331007 -331008
-330395 -330396 -330396
-328330 -328331 -328331
-105688 -105689 -105690
LN
LN
-311017 -311018 -311018
LN
-301035 -301036 -301036
LN
LN
-325636 -325637 -325637
-323810 -323810 -323811
-309592 -309593 -309593
-303696 -303696 -303697
LN
-319182 -319182 -319183
-302783 -302783 -302784
-325146 -325147 -325147
-308524 -308525 -308525
LN
-100585 -100586 -100587
LN
-327367 -327368 -327368
-333231 -333232 -333232
LN
-330496 -330497 -330497
-307978 -307979 -307979
-332353 -332354 -332354
-319831 -319831 -319832
-305734 -305734 -305735
-321671 -321672 -321672
-311321 -311322 -311322
-321596 -321597 -321597
LN
-328787 -328787 -328788
LN
-315548 -315548 -315549
-300222 -300222 -300223
-109488 -109489 -109490
-311865 -311866 -311866
-330671 -330671 -330672
-305202 -305202 -305203
-321811 -321812 -321812
LN
-106545 -106546 -106547
-314777 -314778 -314778
-325305 -325305 -325306
-306638 -306638 -306639
LN
-315197 -315198 -315198
-323915 -323915 -323916
-320802 -320803 -320803
-303159 -303159 -303160
-310483 -310483 -310484
-322953 -322954 -322954
-320228 -320229 -320229
-325802 -325802 -325803
-320734 -320735 -320735
-324237 -324238 -324238
-322529 -322529 -322530
-324604 -324604 -324605
-307359 -307360 -307360
-304033 -304033 -304034
-109507 -109508 -109509
-304510 -304511 -304511
-307663 -307664 -307664
LN
-320491 -320491 -320492
-325638 -325639 -325639
-109009 -109010 -109011
-307962 -307963 -307963
-324385 -324386 -324386
LN
LN
-311271 -311272 -311272
LN
-324950 -324951 -324951
-328338 -328339 -328339
-330957 -330958 -330958
-329073 -329073 -329074
-315867 -315867 -315868
LN
-311371 -311372 -311372
-304747 -304747 -304748
LN
-306729 -306729 -306730
-103607 -103608 -103609
-305308 -305309 -305309
-310961 -310962 -310962
LN
-322608 -322608 -322609
-319902 -319903 -319903
-305007 -305007 -305008
-309067 -309067 -309068
-304708 -304708 -304709
-300642 -300643 -300643
-322419 -322420 -322420
