159155 159155 159156
265687 265688 265688
62817 62818 62819
290884 290884 290885
18748 18749 18750
158600 158601 158601
LN
56013 56014 56014
LN
257150 257151 257151
82866 82867 82867
73110 73111 73112
LN
88202 88202 88203
LN
213946 213946 213947
LN
215577 215578 215578
298855 298855 298856
70128 70129 70130
LN
LN
69382 69383 69384
181179 181180 181180
177513 177513 177514
91144 91145 91145
277028 277029 277029
LN
39631 39632 39632
35007 35008 35008
219819 219819 219820
81707 81708 81708
60183 60184 60184
100200 100200 100201
LN
245114 245115 245115
314125 314125 314126
149600 149600 149601
244033 244033 244034
40641 40641 40642
46333 46334 46335
48452 48452 48453
33002 33003 33004
LN
170763 170763 170764
253585 253585 253586
197588 197589 197589
106643 106644 106645
227353 227354 227354
175668 175668 175669
305161 305161 305162
246230 246230 246231
LN
LN
284379 284380 284380
92793 92794 92795
62363 62364 62365
92622 92622 92623
273503 273504 273504
144134 144134 144135
138627 138627 138628
121666 121667 121667
92737 92737 92738
LN
324683 324684 324684
218258 218258 218259
152349 152349 152350
50663 50664 50665
47312 47313 47314
LN
47437 47438 47439
LN
99429 99430 99430
87753 87754 87754
LN
55942 55943 55944
293805 293806 293806
211458 211458 211459
LN
103160 103161 103161
201671 201672 201672
LN
38394 38394 38395
254162 254163 254163
69398 69399 69400
178918 178919 178919
280005 280006 280006
83308 83309 83310
214899 214899 214900
75976 75976 75977
156651 156651 156652
297505 297506 297506
LN
LN
114958 114958 114959
241726 241726 241727
156455 156455 156456
50313 50314 50315
176271 176272 176272
LN
