-65219 -65220 -65221
LN
-125839 -125840 -125840
280064 280065 280065
327870 327871 327871
56643 56644 56645
-1631 -1632 -1633
-153717 -153718 -153718
-314103 -314103 -314104
134716 134717 134717
217041 217041 217042
-97090 -97090 -97091
-56424 -56424 -56425
269004 269005 269005
-161127 -161128 -161128
-39126 -39126 -39127
-112196 -112196 -112197
-212089 -212090 -212090
229883 229884 229884
LN
85471 85472 85473
148565 148565 148566
-262125 -262126 -262126
108357 108357 108358
96955 96956 96956
296245 296245 296246
LN
LN
LN
LN
-254427 -254428 -254428
-154243 -154244 -154244
-498 -498 -499
250037 250038 250038
-206473 -206473 -206474
-204159 -204160 -204160
-240833 -240834 -240834
-20373 -20373 -20374
-67898 -67899 -67899
321400 321400 321401
162388 162389 162389
118001 118001 118002
125561 125562 125562
-275468 -275468 -275469
LN
-282786 -282787 -282787
LN
-271549 -271549 -271550
258635 258636 258636
-269708 -269708 -269709
-5486 -5487 -5487
37631 37632 37632
-206078 -206078 -206079
LN
285763 285763 285764
-173326 -173326 -173327
-99530 -99530 -99531
102981 102981 102982
144802 144802 144803
LN
-291687 -291687 -291688
LN
114432 114432 114433
-276822 -276823 -276823
84833 84834 84835
159693 159693 159694
-98135 -98136 -98136
56414 56414 56415
144996 144997 144997
LN
228824 228824 228825
-52275 -52276 -52277
-266972 -266972 -266973
-121003 -121003 -121004
-110787 -110788 -110789
-149537 -149538 -149538
-28963 -28964 -28964
-177640 -177640 -177641
286235 286235 286236
LN
269916 269916 269917
250773 250774 250774
-14551 -14552 -14552
313286 313287 313287
25743 25744 25745
-184652 -184653 -184653
-132380 -132381 -132381
LN
-53205 -53206 -53206
-178639 -178640 -178640
146119 146120 146120
269505 269505 269506
177663 177664 177664
321113 321113 321114
-28830 -28831 -28831
2095 2096 2097
137819 137820 137820
-323742 -323742 -323743
-147621 -147622 -147622
-39549 -39550 -39550
