LN
LN
74068 74068 74069
270648 270648 270649
110130 110131 110131
217096 217097 217097
LN
16756 16757 16757
-229317 -229317 -229318
-76044 -76045 -76046
134108 134108 134109
-182093 -182093 -182094
-153944 -153944 -153945
36233 36233 36234
258961 258961 258962
22184 22184 22185
100657 100658 100659
-330836 -330837 -330837
-70920 -70921 -70922
LN
-317638 -317639 -317639
LN
LN
75110 75111 75111
-65221 -65222 -65223
-156154 -156154 -156155
226096 226096 226097
52951 52952 52952
-319291 -319292 -319292
LN
-257936 -257936 -257937
-115839 -115839 -115840
178494 178494 178495
-10554 -10554 -10555
231002 231002 231003
-189811 -189811 -189812
-209852 -209852 -209853
-27791 -27791 -27792
LN
LN
LN
28947 28948 28948
-326975 -326976 -326976
-255687 -255688 -255688
35682 35683 35684
-135465 -135465 -135466
214089 214090 214090
176034 176035 176035
LN
118255 118256 118256
9723 9724 9724
-283113 -283113 -283114
-138740 -138741 -138741
271279 271279 271280
LN
-33945 -33946 -33947
-45989 -45989 -45990
-277793 -277793 -277794
-248659 -248660 -248660
-13143 -13144 -13145
-317117 -317117 -317118
-62203 -62204 -62204
48031 48032 48033
203889 203889 203890
-220910 -220910 -220911
-313012 -313012 -313013
-40540 -40541 -40542
-69866 -69866 -69867
67802 67803 67804
305943 305943 305944
-38391 -38392 -38392
-201540 -201541 -201541
244954 244955 244955
95252 95252 95253
18261 18261 18262
155289 155290 155290
-68815 -68815 -68816
-44022 -44022 -44023
268621 268622 268622
-57205 -57206 -57206
-46937 -46938 -46939
-172229 -172229 -172230
83982 83982 83983
63636 63637 63638
-63346 -63347 -63348
60662 60662 60663
LN
238658 238658 238659
LN
290178 290178 290179
108736 108737 108737
-100601 -100602 -100603
-105851 -105852 -105852
-168201 -168201 -168202
170113 170114 170114
48277 48278 48279
-125518 -125519 -125519
LN
46564 46565 46566
-157101 -157101 -157102
